<?xml version="1.0" encoding="UTF-8"?>
<TestRun id="a630b6b5-d434-4e17-8a8a-41db6cd9ea02" name="raphael.cruzeiro@PIANO 2010-10-25 17:46:23" runUser="PIANO\raphael.cruzeiro" xmlns="http://microsoft.com/schemas/VisualStudio/TeamTest/2010">
  <TestSettings name="Default Test Settings" id="1da01f44-3c4b-4c2c-86cc-b19e1b668a95">
    <Deployment runDeploymentRoot="raphael.cruzeiro_PIANO 2010-10-25 17_46_23">
      <DeploymentItem filename="E:\Users\raphael.cruzeiro\Documents\Projects\open\Web.Generics\lib\NHibernate\Antlr3.Runtime.dll" />
      <DeploymentItem filename="E:\Users\raphael.cruzeiro\Documents\Projects\open\Web.Generics\Web.Generics.Web\bin\Debug\Web.Generics.Web.dll" />
      <DeploymentItem filename="E:\Users\raphael.cruzeiro\Documents\Projects\open\Web.Generics\Inspira.Blog\bin\Debug\Inspira.Blog.dll" />
      <DeploymentItem filename="E:\Users\raphael.cruzeiro\Documents\Projects\open\Web.Generics\lib\NHibernate\NHibernate.dll" />
      <DeploymentItem filename="E:\Users\raphael.cruzeiro\Documents\Projects\open\Web.Generics\lib\NHibernate\Iesi.Collections.dll" />
      <DeploymentItem filename="E:\Users\raphael.cruzeiro\Documents\Projects\open\Web.Generics\Web.Generics\bin\Debug\Web.Generics.dll" />
      <DeploymentItem filename="E:\Users\raphael.cruzeiro\Documents\Projects\open\Web.Generics\lib\NHibernate\System.Data.SQLite.dll" />
      <DeploymentItem filename="E:\Users\raphael.cruzeiro\Documents\Projects\open\Web.Generics\Web.Generics.Futures\bin\Debug\Web.Generics.Futures.dll" />
      <DeploymentItem filename="E:\Users\raphael.cruzeiro\Documents\Projects\open\Web.Generics\lib\NHibernate\FluentNHibernate.dll" />
      <DeploymentItem filename="E:\Users\raphael.cruzeiro\Documents\Projects\open\Web.Generics\lib\NHibernate\NHibernate.ByteCode.LinFu.dll" />
      <DeploymentItem filename="E:\Users\raphael.cruzeiro\Documents\Projects\open\Web.Generics\Web.Generics.WebMvc\bin\Debug\Web.Generics.WebMvc.dll" />
      <DeploymentItem filename="E:\Users\raphael.cruzeiro\Documents\Projects\open\Web.Generics\lib\NHibernate\log4net.dll" />
      <DeploymentItem filename="E:\Users\raphael.cruzeiro\Documents\Projects\open\Web.Generics\lib\Moq\Moq.dll" />
      <DeploymentItem filename="E:\Users\raphael.cruzeiro\Documents\Projects\open\Web.Generics\Inspira.Blog.DomainModel\bin\Debug\Inspira.Blog.DomainModel.dll" />
    </Deployment>
    <Execution>
      <TestTypeSpecific />
      <AgentRule name="Execution Agents">
      </AgentRule>
    </Execution>
  </TestSettings>
  <Times creation="2010-10-25T17:46:23.1860890-02:00" queuing="2010-10-25T17:46:23.7553885-02:00" start="2010-10-25T17:46:23.8735450-02:00" finish="2010-10-25T17:46:26.0316100-02:00" />
  <ResultSummary outcome="Error">
    <Counters total="27" executed="27" passed="8" error="2" failed="17" timeout="0" aborted="0" inconclusive="0" passedButRunAborted="0" notRunnable="0" notExecuted="0" disconnected="0" warning="0" completed="0" inProgress="0" pending="0" />
    <RunInfos>
      <RunInfo computerName="PIANO" outcome="Warning" timestamp="2010-10-25T17:46:23.7495295-02:00">
        <Text>Warning: Test Run deployment issue: The assembly or module 'Microsoft.Practices.ServiceLocation' directly or indirectly referenced by the test container 'e:\users\raphael.cruzeiro\documents\projects\open\web.generics\web.generics.tests\bin\debug\web.generics.tests.dll' was not found.</Text>
      </RunInfo>
    </RunInfos>
  </ResultSummary>
  <TestDefinitions>
    <UnitTest name="Register_Interface_And_Resolve_To_Implementation_Without_Chaining" storage="e:\users\raphael.cruzeiro\documents\projects\open\web.generics\web.generics.tests\bin\debug\web.generics.tests.dll" id="26b86960-9ce0-9813-79f0-22eb253ddaa4">
      <Execution id="c005451e-2f04-4cd7-9e30-891687977a48" />
      <TestMethod codeBase="E:/Users/raphael.cruzeiro/Documents/Projects/open/Web.Generics/Web.Generics.Tests/bin/Debug/Web.Generics.Tests.DLL" adapterTypeName="Microsoft.VisualStudio.TestTools.TestTypes.Unit.UnitTestAdapter, Microsoft.VisualStudio.QualityTools.Tips.UnitTest.Adapter, Version=10.0.0.0, Culture=neutral, PublicKeyToken=b03f5f7f11d50a3a" className="Web.Generics.Tests.Infrastructure_InversionOfControl_Tests, Web.Generics.Tests, Version=1.0.0.0, Culture=neutral, PublicKeyToken=null" name="Register_Interface_And_Resolve_To_Implementation_Without_Chaining" />
    </UnitTest>
    <UnitTest name="Resolve_Controller_With_Generic_Implementations" storage="e:\users\raphael.cruzeiro\documents\projects\open\web.generics\web.generics.tests\bin\debug\web.generics.tests.dll" id="9fc42f36-ca29-aff9-0c1e-58648d096479">
      <Execution id="7a75c758-54cb-46bc-9aa3-05831cdfa7f8" />
      <TestMethod codeBase="E:/Users/raphael.cruzeiro/Documents/Projects/open/Web.Generics/Web.Generics.Tests/bin/Debug/Web.Generics.Tests.DLL" adapterTypeName="Microsoft.VisualStudio.TestTools.TestTypes.Unit.UnitTestAdapter, Microsoft.VisualStudio.QualityTools.Tips.UnitTest.Adapter, Version=10.0.0.0, Culture=neutral, PublicKeyToken=b03f5f7f11d50a3a" className="Web.Generics.Tests.Infrastructure_InversionOfControl_Tests, Web.Generics.Tests, Version=1.0.0.0, Culture=neutral, PublicKeyToken=null" name="Resolve_Controller_With_Generic_Implementations" />
    </UnitTest>
    <UnitTest name="Default_sortinginfo_is_null_property_ascending_with_sorting_disabled" storage="e:\users\raphael.cruzeiro\documents\projects\open\web.generics\web.generics.tests\bin\debug\web.generics.tests.dll" id="20883c91-712f-7bd9-84c5-0e6b4f0b789d">
      <Execution id="bf44e699-bf79-4a1a-ae7b-1afa89d9eb3c" />
      <TestMethod codeBase="E:/Users/raphael.cruzeiro/Documents/Projects/open/Web.Generics/Web.Generics.Tests/bin/Debug/Web.Generics.Tests.DLL" adapterTypeName="Microsoft.VisualStudio.TestTools.TestTypes.Unit.UnitTestAdapter, Microsoft.VisualStudio.QualityTools.Tips.UnitTest.Adapter, Version=10.0.0.0, Culture=neutral, PublicKeyToken=b03f5f7f11d50a3a" className="Web.Generics.Tests.UserInterface.Given_a_repository_with_7_elements, Web.Generics.Tests, Version=1.0.0.0, Culture=neutral, PublicKeyToken=null" name="Default_sortinginfo_is_null_property_ascending_with_sorting_disabled" />
    </UnitTest>
    <UnitTest name="All_null_parameters_brings_all_values" storage="e:\users\raphael.cruzeiro\documents\projects\open\web.generics\web.generics.tests\bin\debug\web.generics.tests.dll" id="6d4cc1b8-84b5-98a2-bb17-b334fc688462">
      <Execution id="de51a1b6-3d62-463f-8496-61ba8d8d2472" />
      <TestMethod codeBase="E:/Users/raphael.cruzeiro/Documents/Projects/open/Web.Generics/Web.Generics.Tests/bin/Debug/Web.Generics.Tests.DLL" adapterTypeName="Microsoft.VisualStudio.TestTools.TestTypes.Unit.UnitTestAdapter, Microsoft.VisualStudio.QualityTools.Tips.UnitTest.Adapter, Version=10.0.0.0, Culture=neutral, PublicKeyToken=b03f5f7f11d50a3a" className="Web.Generics.Tests.UserInterface.Given_a_repository_with_7_elements, Web.Generics.Tests, Version=1.0.0.0, Culture=neutral, PublicKeyToken=null" name="All_null_parameters_brings_all_values" />
    </UnitTest>
    <UnitTest name="Insert_child_does_not_load_children_v2" storage="e:\users\raphael.cruzeiro\documents\projects\open\web.generics\web.generics.tests\bin\debug\web.generics.tests.dll" id="aac57191-7373-4d93-174a-e11b361b9a1b">
      <Execution id="1d43be52-2aaf-4c14-a74c-c5140a934bb1" />
      <TestMethod codeBase="E:/Users/raphael.cruzeiro/Documents/Projects/open/Web.Generics/Web.Generics.Tests/bin/Debug/Web.Generics.Tests.DLL" adapterTypeName="Microsoft.VisualStudio.TestTools.TestTypes.Unit.UnitTestAdapter, Microsoft.VisualStudio.QualityTools.Tips.UnitTest.Adapter, Version=10.0.0.0, Culture=neutral, PublicKeyToken=b03f5f7f11d50a3a" className="Web.Generics.Tests.NHibernateSessionTests, Web.Generics.Tests, Version=1.0.0.0, Culture=neutral, PublicKeyToken=null" name="Insert_child_does_not_load_children_v2" />
    </UnitTest>
    <UnitTest name="Register_with_existing_username_returns_ExistingUsername_state" storage="e:\users\raphael.cruzeiro\documents\projects\open\web.generics\web.generics.tests\bin\debug\web.generics.tests.dll" id="32bcb943-d87d-582b-883d-16c950347d82">
      <Execution id="fce0b868-6f9a-44f0-9307-3b1c5969fb50" />
      <TestMethod codeBase="E:/Users/raphael.cruzeiro/Documents/Projects/open/Web.Generics/Web.Generics.Tests/bin/Debug/Web.Generics.Tests.DLL" adapterTypeName="Microsoft.VisualStudio.TestTools.TestTypes.Unit.UnitTestAdapter, Microsoft.VisualStudio.QualityTools.Tips.UnitTest.Adapter, Version=10.0.0.0, Culture=neutral, PublicKeyToken=b03f5f7f11d50a3a" className="Web.Generics.Tests.Authentication.MembershipServicesTests, Web.Generics.Tests, Version=1.0.0.0, Culture=neutral, PublicKeyToken=null" name="Register_with_existing_username_returns_ExistingUsername_state" />
    </UnitTest>
    <UnitTest name="InsertPostWithNullableProperty" storage="e:\users\raphael.cruzeiro\documents\projects\open\web.generics\web.generics.tests\bin\debug\web.generics.tests.dll" id="afec351d-c5bd-e807-4f9f-6c708da25c8f">
      <Execution id="dfac1f51-2a33-454b-9af2-c8ae31a1581b" />
      <TestMethod codeBase="E:/Users/raphael.cruzeiro/Documents/Projects/open/Web.Generics/Web.Generics.Tests/bin/Debug/Web.Generics.Tests.DLL" adapterTypeName="Microsoft.VisualStudio.TestTools.TestTypes.Unit.UnitTestAdapter, Microsoft.VisualStudio.QualityTools.Tips.UnitTest.Adapter, Version=10.0.0.0, Culture=neutral, PublicKeyToken=b03f5f7f11d50a3a" className="Web.Generics.Tests.Infrastructure_Repository_Tests, Web.Generics.Tests, Version=1.0.0.0, Culture=neutral, PublicKeyToken=null" name="InsertPostWithNullableProperty" />
    </UnitTest>
    <UnitTest name="List_Posts_By_Date_Range" storage="e:\users\raphael.cruzeiro\documents\projects\open\web.generics\web.generics.tests\bin\debug\web.generics.tests.dll" id="8aafd531-d21c-00a8-ee90-e1b37e3a3694">
      <Execution id="ba063d6e-f774-44a0-be91-6148ead18459" />
      <TestMethod codeBase="E:/Users/raphael.cruzeiro/Documents/Projects/open/Web.Generics/Web.Generics.Tests/bin/Debug/Web.Generics.Tests.DLL" adapterTypeName="Microsoft.VisualStudio.TestTools.TestTypes.Unit.UnitTestAdapter, Microsoft.VisualStudio.QualityTools.Tips.UnitTest.Adapter, Version=10.0.0.0, Culture=neutral, PublicKeyToken=b03f5f7f11d50a3a" className="Inspira.Blog.Tests.Blog_Services, Web.Generics.Tests, Version=1.0.0.0, Culture=neutral, PublicKeyToken=null" name="List_Posts_By_Date_Range" />
    </UnitTest>
    <UnitTest name="Resolve_Controller_With_Specific_Controller_And_ViewModel" storage="e:\users\raphael.cruzeiro\documents\projects\open\web.generics\web.generics.tests\bin\debug\web.generics.tests.dll" id="e7a87bf2-4851-5b1c-7df0-92fdcafd03ca">
      <Execution id="7cc4918b-ac4e-4863-aea4-a15b3ca24537" />
      <TestMethod codeBase="E:/Users/raphael.cruzeiro/Documents/Projects/open/Web.Generics/Web.Generics.Tests/bin/Debug/Web.Generics.Tests.DLL" adapterTypeName="Microsoft.VisualStudio.TestTools.TestTypes.Unit.UnitTestAdapter, Microsoft.VisualStudio.QualityTools.Tips.UnitTest.Adapter, Version=10.0.0.0, Culture=neutral, PublicKeyToken=b03f5f7f11d50a3a" className="Web.Generics.Tests.Infrastructure_InversionOfControl_Tests, Web.Generics.Tests, Version=1.0.0.0, Culture=neutral, PublicKeyToken=null" name="Resolve_Controller_With_Specific_Controller_And_ViewModel" />
    </UnitTest>
    <UnitTest name="Pagesize_10_and_pageindex_1_must_return_7_rows" storage="e:\users\raphael.cruzeiro\documents\projects\open\web.generics\web.generics.tests\bin\debug\web.generics.tests.dll" id="2bbbf406-154d-cfeb-98b8-963991468c1d">
      <Execution id="4ab7899e-c162-4599-b547-ee1747f20052" />
      <TestMethod codeBase="E:/Users/raphael.cruzeiro/Documents/Projects/open/Web.Generics/Web.Generics.Tests/bin/Debug/Web.Generics.Tests.DLL" adapterTypeName="Microsoft.VisualStudio.TestTools.TestTypes.Unit.UnitTestAdapter, Microsoft.VisualStudio.QualityTools.Tips.UnitTest.Adapter, Version=10.0.0.0, Culture=neutral, PublicKeyToken=b03f5f7f11d50a3a" className="Web.Generics.Tests.UserInterface.Given_a_repository_with_7_elements, Web.Generics.Tests, Version=1.0.0.0, Culture=neutral, PublicKeyToken=null" name="Pagesize_10_and_pageindex_1_must_return_7_rows" />
    </UnitTest>
    <UnitTest name="Search_with_null_parameters_must_return_all_7_rows" storage="e:\users\raphael.cruzeiro\documents\projects\open\web.generics\web.generics.tests\bin\debug\web.generics.tests.dll" id="168fbeca-bfc1-581c-b9ec-3c4572d00ed1">
      <Execution id="a4279fc7-255a-4b5f-8de8-0a4f4441e135" />
      <TestMethod codeBase="E:/Users/raphael.cruzeiro/Documents/Projects/open/Web.Generics/Web.Generics.Tests/bin/Debug/Web.Generics.Tests.DLL" adapterTypeName="Microsoft.VisualStudio.TestTools.TestTypes.Unit.UnitTestAdapter, Microsoft.VisualStudio.QualityTools.Tips.UnitTest.Adapter, Version=10.0.0.0, Culture=neutral, PublicKeyToken=b03f5f7f11d50a3a" className="Web.Generics.Tests.UserInterface.Given_a_repository_with_7_elements, Web.Generics.Tests, Version=1.0.0.0, Culture=neutral, PublicKeyToken=null" name="Search_with_null_parameters_must_return_all_7_rows" />
    </UnitTest>
    <UnitTest name="Resolve_With_Chaining" storage="e:\users\raphael.cruzeiro\documents\projects\open\web.generics\web.generics.tests\bin\debug\web.generics.tests.dll" id="ef70adab-cbca-46bf-0d19-52da0a032597">
      <Execution id="6d239518-7bed-4f83-bc2c-0612f822f6d9" />
      <TestMethod codeBase="E:/Users/raphael.cruzeiro/Documents/Projects/open/Web.Generics/Web.Generics.Tests/bin/Debug/Web.Generics.Tests.DLL" adapterTypeName="Microsoft.VisualStudio.TestTools.TestTypes.Unit.UnitTestAdapter, Microsoft.VisualStudio.QualityTools.Tips.UnitTest.Adapter, Version=10.0.0.0, Culture=neutral, PublicKeyToken=b03f5f7f11d50a3a" className="Web.Generics.Tests.Infrastructure_InversionOfControl_Tests, Web.Generics.Tests, Version=1.0.0.0, Culture=neutral, PublicKeyToken=null" name="Resolve_With_Chaining" />
    </UnitTest>
    <UnitTest name="Log" storage="e:\users\raphael.cruzeiro\documents\projects\open\web.generics\web.generics.tests\bin\debug\web.generics.tests.dll" id="3dd40f28-a6cf-b821-cc15-2eeb654b586d">
      <Execution id="b954f29e-054f-4137-8432-ecee2f5b6fa4" />
      <TestMethod codeBase="E:/Users/raphael.cruzeiro/Documents/Projects/open/Web.Generics/Web.Generics.Tests/bin/Debug/Web.Generics.Tests.DLL" adapterTypeName="Microsoft.VisualStudio.TestTools.TestTypes.Unit.UnitTestAdapter, Microsoft.VisualStudio.QualityTools.Tips.UnitTest.Adapter, Version=10.0.0.0, Culture=neutral, PublicKeyToken=b03f5f7f11d50a3a" className="Web.Generics.Tests.Infrastructure_Logging_Tests, Web.Generics.Tests, Version=1.0.0.0, Culture=neutral, PublicKeyToken=null" name="Log" />
    </UnitTest>
    <UnitTest name="Insert_child_does_not_load_children" storage="e:\users\raphael.cruzeiro\documents\projects\open\web.generics\web.generics.tests\bin\debug\web.generics.tests.dll" id="1e6af77b-1d3b-9555-806e-265331e477a5">
      <Execution id="8b2d4b66-ba8f-47b5-981e-a6a838b1aa5f" />
      <TestMethod codeBase="E:/Users/raphael.cruzeiro/Documents/Projects/open/Web.Generics/Web.Generics.Tests/bin/Debug/Web.Generics.Tests.DLL" adapterTypeName="Microsoft.VisualStudio.TestTools.TestTypes.Unit.UnitTestAdapter, Microsoft.VisualStudio.QualityTools.Tips.UnitTest.Adapter, Version=10.0.0.0, Culture=neutral, PublicKeyToken=b03f5f7f11d50a3a" className="Web.Generics.Tests.NHibernateSessionTests, Web.Generics.Tests, Version=1.0.0.0, Culture=neutral, PublicKeyToken=null" name="Insert_child_does_not_load_children" />
    </UnitTest>
    <UnitTest name="Resolve_Controller_With_Generic_Controller_And_Specific_ViewModel" storage="e:\users\raphael.cruzeiro\documents\projects\open\web.generics\web.generics.tests\bin\debug\web.generics.tests.dll" id="700866d8-e2eb-49cb-74d4-1ae85ea12f69">
      <Execution id="07b9a629-215b-45c3-9f32-bc8449295569" />
      <TestMethod codeBase="E:/Users/raphael.cruzeiro/Documents/Projects/open/Web.Generics/Web.Generics.Tests/bin/Debug/Web.Generics.Tests.DLL" adapterTypeName="Microsoft.VisualStudio.TestTools.TestTypes.Unit.UnitTestAdapter, Microsoft.VisualStudio.QualityTools.Tips.UnitTest.Adapter, Version=10.0.0.0, Culture=neutral, PublicKeyToken=b03f5f7f11d50a3a" className="Web.Generics.Tests.Infrastructure_InversionOfControl_Tests, Web.Generics.Tests, Version=1.0.0.0, Culture=neutral, PublicKeyToken=null" name="Resolve_Controller_With_Generic_Controller_And_Specific_ViewModel" />
    </UnitTest>
    <UnitTest name="SelectWithLambdaExpressions" storage="e:\users\raphael.cruzeiro\documents\projects\open\web.generics\web.generics.tests\bin\debug\web.generics.tests.dll" id="e8e3591b-e3ff-7a0c-2871-7ffb31567b9f">
      <Execution id="496bbb82-3473-4c99-8f5d-0e741a5b4708" />
      <TestMethod codeBase="E:/Users/raphael.cruzeiro/Documents/Projects/open/Web.Generics/Web.Generics.Tests/bin/Debug/Web.Generics.Tests.DLL" adapterTypeName="Microsoft.VisualStudio.TestTools.TestTypes.Unit.UnitTestAdapter, Microsoft.VisualStudio.QualityTools.Tips.UnitTest.Adapter, Version=10.0.0.0, Culture=neutral, PublicKeyToken=b03f5f7f11d50a3a" className="Web.Generics.Tests.Infrastructure_Repository_Tests, Web.Generics.Tests, Version=1.0.0.0, Culture=neutral, PublicKeyToken=null" name="SelectWithLambdaExpressions" />
    </UnitTest>
    <UnitTest name="Register_with_valid_data_inserts_user_into_database_and_returns_them" storage="e:\users\raphael.cruzeiro\documents\projects\open\web.generics\web.generics.tests\bin\debug\web.generics.tests.dll" id="62e7782a-96ba-f050-32e7-bd90d51e8098">
      <Execution id="af94a73d-b233-4857-8ac5-9f7995ee7638" />
      <TestMethod codeBase="E:/Users/raphael.cruzeiro/Documents/Projects/open/Web.Generics/Web.Generics.Tests/bin/Debug/Web.Generics.Tests.DLL" adapterTypeName="Microsoft.VisualStudio.TestTools.TestTypes.Unit.UnitTestAdapter, Microsoft.VisualStudio.QualityTools.Tips.UnitTest.Adapter, Version=10.0.0.0, Culture=neutral, PublicKeyToken=b03f5f7f11d50a3a" className="Web.Generics.Tests.Authentication.MembershipServicesTests, Web.Generics.Tests, Version=1.0.0.0, Culture=neutral, PublicKeyToken=null" name="Register_with_valid_data_inserts_user_into_database_and_returns_them" />
    </UnitTest>
    <UnitTest name="Paging" storage="e:\users\raphael.cruzeiro\documents\projects\open\web.generics\web.generics.tests\bin\debug\web.generics.tests.dll" id="6631986b-0730-1229-232f-35d009da40d6">
      <Execution id="2fa06db0-34da-49d3-8654-2b7c9e040302" />
      <TestMethod codeBase="E:/Users/raphael.cruzeiro/Documents/Projects/open/Web.Generics/Web.Generics.Tests/bin/Debug/Web.Generics.Tests.DLL" adapterTypeName="Microsoft.VisualStudio.TestTools.TestTypes.Unit.UnitTestAdapter, Microsoft.VisualStudio.QualityTools.Tips.UnitTest.Adapter, Version=10.0.0.0, Culture=neutral, PublicKeyToken=b03f5f7f11d50a3a" className="Web.Generics.Tests.UserInterface_Grids, Web.Generics.Tests, Version=1.0.0.0, Culture=neutral, PublicKeyToken=null" name="Paging" />
    </UnitTest>
    <UnitTest name="Log_With_Aspect" storage="e:\users\raphael.cruzeiro\documents\projects\open\web.generics\web.generics.tests\bin\debug\web.generics.tests.dll" id="b6819492-f9db-dcf2-0ded-3161c5b9aa32">
      <Execution id="b72b0b46-02a6-429c-b4a9-3303cc6da78b" />
      <TestMethod codeBase="E:/Users/raphael.cruzeiro/Documents/Projects/open/Web.Generics/Web.Generics.Tests/bin/Debug/Web.Generics.Tests.DLL" adapterTypeName="Microsoft.VisualStudio.TestTools.TestTypes.Unit.UnitTestAdapter, Microsoft.VisualStudio.QualityTools.Tips.UnitTest.Adapter, Version=10.0.0.0, Culture=neutral, PublicKeyToken=b03f5f7f11d50a3a" className="Web.Generics.Tests.Infrastructure_Logging_Tests, Web.Generics.Tests, Version=1.0.0.0, Culture=neutral, PublicKeyToken=null" name="Log_With_Aspect" />
    </UnitTest>
    <UnitTest name="Default_paginginfo_is_pageindex_1_and_pagesize_10_with_paging_disabled" storage="e:\users\raphael.cruzeiro\documents\projects\open\web.generics\web.generics.tests\bin\debug\web.generics.tests.dll" id="a7821dd2-9252-958d-d6a8-4c25750f0215">
      <Execution id="fb77674e-bd9d-4fea-95f4-b01363269b51" />
      <TestMethod codeBase="E:/Users/raphael.cruzeiro/Documents/Projects/open/Web.Generics/Web.Generics.Tests/bin/Debug/Web.Generics.Tests.DLL" adapterTypeName="Microsoft.VisualStudio.TestTools.TestTypes.Unit.UnitTestAdapter, Microsoft.VisualStudio.QualityTools.Tips.UnitTest.Adapter, Version=10.0.0.0, Culture=neutral, PublicKeyToken=b03f5f7f11d50a3a" className="Web.Generics.Tests.UserInterface.Given_a_repository_with_7_elements, Web.Generics.Tests, Version=1.0.0.0, Culture=neutral, PublicKeyToken=null" name="Default_paginginfo_is_pageindex_1_and_pagesize_10_with_paging_disabled" />
    </UnitTest>
    <UnitTest name="Add_Comment_In_Post" storage="e:\users\raphael.cruzeiro\documents\projects\open\web.generics\web.generics.tests\bin\debug\web.generics.tests.dll" id="b4297581-ff1b-3999-5fd8-95b6036938c0">
      <Execution id="52dcdb63-c3f1-41a3-9838-64d030f98ace" />
      <TestMethod codeBase="E:/Users/raphael.cruzeiro/Documents/Projects/open/Web.Generics/Web.Generics.Tests/bin/Debug/Web.Generics.Tests.DLL" adapterTypeName="Microsoft.VisualStudio.TestTools.TestTypes.Unit.UnitTestAdapter, Microsoft.VisualStudio.QualityTools.Tips.UnitTest.Adapter, Version=10.0.0.0, Culture=neutral, PublicKeyToken=b03f5f7f11d50a3a" className="Inspira.Blog.Tests.Blog_Services, Web.Generics.Tests, Version=1.0.0.0, Culture=neutral, PublicKeyToken=null" name="Add_Comment_In_Post" />
    </UnitTest>
    <UnitTest name="InsertPostWithExistingTagsAndComments" storage="e:\users\raphael.cruzeiro\documents\projects\open\web.generics\web.generics.tests\bin\debug\web.generics.tests.dll" id="a2c49a2b-d39d-2796-5d55-e3bc20513b27">
      <Execution id="669d331f-48d2-4609-ba79-d7e2ed2132d1" />
      <TestMethod codeBase="E:/Users/raphael.cruzeiro/Documents/Projects/open/Web.Generics/Web.Generics.Tests/bin/Debug/Web.Generics.Tests.DLL" adapterTypeName="Microsoft.VisualStudio.TestTools.TestTypes.Unit.UnitTestAdapter, Microsoft.VisualStudio.QualityTools.Tips.UnitTest.Adapter, Version=10.0.0.0, Culture=neutral, PublicKeyToken=b03f5f7f11d50a3a" className="Web.Generics.Tests.Infrastructure_Repository_Tests, Web.Generics.Tests, Version=1.0.0.0, Culture=neutral, PublicKeyToken=null" name="InsertPostWithExistingTagsAndComments" />
    </UnitTest>
    <UnitTest name="Pagesize_10_and_pageindex_2_must_yield_page_1" storage="e:\users\raphael.cruzeiro\documents\projects\open\web.generics\web.generics.tests\bin\debug\web.generics.tests.dll" id="4e379a55-99f6-73bf-d87b-986cf08e255e">
      <Execution id="5f60942b-e385-4bca-9670-d93b526b4450" />
      <TestMethod codeBase="E:/Users/raphael.cruzeiro/Documents/Projects/open/Web.Generics/Web.Generics.Tests/bin/Debug/Web.Generics.Tests.DLL" adapterTypeName="Microsoft.VisualStudio.TestTools.TestTypes.Unit.UnitTestAdapter, Microsoft.VisualStudio.QualityTools.Tips.UnitTest.Adapter, Version=10.0.0.0, Culture=neutral, PublicKeyToken=b03f5f7f11d50a3a" className="Web.Generics.Tests.UserInterface.Given_a_repository_with_7_elements, Web.Generics.Tests, Version=1.0.0.0, Culture=neutral, PublicKeyToken=null" name="Pagesize_10_and_pageindex_2_must_yield_page_1" />
    </UnitTest>
    <UnitTest name="Pagesize_2_and_pageindex_2_order_by_ID_asc_yields_ids_3_and_4" storage="e:\users\raphael.cruzeiro\documents\projects\open\web.generics\web.generics.tests\bin\debug\web.generics.tests.dll" id="373d2bfa-dc22-934f-5046-20f337ec11ab">
      <Execution id="304aceb8-0c08-4296-9743-ed0683b80064" />
      <TestMethod codeBase="E:/Users/raphael.cruzeiro/Documents/Projects/open/Web.Generics/Web.Generics.Tests/bin/Debug/Web.Generics.Tests.DLL" adapterTypeName="Microsoft.VisualStudio.TestTools.TestTypes.Unit.UnitTestAdapter, Microsoft.VisualStudio.QualityTools.Tips.UnitTest.Adapter, Version=10.0.0.0, Culture=neutral, PublicKeyToken=b03f5f7f11d50a3a" className="Web.Generics.Tests.UserInterface.Given_a_repository_with_7_elements, Web.Generics.Tests, Version=1.0.0.0, Culture=neutral, PublicKeyToken=null" name="Pagesize_2_and_pageindex_2_order_by_ID_asc_yields_ids_3_and_4" />
    </UnitTest>
    <UnitTest name="Show_Items_In_Grid" storage="e:\users\raphael.cruzeiro\documents\projects\open\web.generics\web.generics.tests\bin\debug\web.generics.tests.dll" id="51ec1ccd-48f5-8524-1192-acdbaed7610f">
      <Execution id="ecb67d2c-9a6f-4780-9ed8-6493f07d0123" />
      <TestMethod codeBase="E:/Users/raphael.cruzeiro/Documents/Projects/open/Web.Generics/Web.Generics.Tests/bin/Debug/Web.Generics.Tests.DLL" adapterTypeName="Microsoft.VisualStudio.TestTools.TestTypes.Unit.UnitTestAdapter, Microsoft.VisualStudio.QualityTools.Tips.UnitTest.Adapter, Version=10.0.0.0, Culture=neutral, PublicKeyToken=b03f5f7f11d50a3a" className="Web.Generics.Tests.UserInterface_Grids, Web.Generics.Tests, Version=1.0.0.0, Culture=neutral, PublicKeyToken=null" name="Show_Items_In_Grid" />
    </UnitTest>
    <UnitTest name="InsertPostWithNewTagsAndComments" storage="e:\users\raphael.cruzeiro\documents\projects\open\web.generics\web.generics.tests\bin\debug\web.generics.tests.dll" id="ca9b6d7d-c72c-ffd4-9266-ae65f3adb659">
      <Execution id="1e393407-a91c-4b53-8a3f-e04ab60f344c" />
      <TestMethod codeBase="E:/Users/raphael.cruzeiro/Documents/Projects/open/Web.Generics/Web.Generics.Tests/bin/Debug/Web.Generics.Tests.DLL" adapterTypeName="Microsoft.VisualStudio.TestTools.TestTypes.Unit.UnitTestAdapter, Microsoft.VisualStudio.QualityTools.Tips.UnitTest.Adapter, Version=10.0.0.0, Culture=neutral, PublicKeyToken=b03f5f7f11d50a3a" className="Web.Generics.Tests.Infrastructure_Repository_Tests, Web.Generics.Tests, Version=1.0.0.0, Culture=neutral, PublicKeyToken=null" name="InsertPostWithNewTagsAndComments" />
    </UnitTest>
    <UnitTest name="Order_by_ID_desc_must_return_7_items_in_descending_order" storage="e:\users\raphael.cruzeiro\documents\projects\open\web.generics\web.generics.tests\bin\debug\web.generics.tests.dll" id="2c5bb296-3514-19d6-f667-9488bbac924d">
      <Execution id="1382570f-4acc-428e-95fb-4d788a2f32f8" />
      <TestMethod codeBase="E:/Users/raphael.cruzeiro/Documents/Projects/open/Web.Generics/Web.Generics.Tests/bin/Debug/Web.Generics.Tests.DLL" adapterTypeName="Microsoft.VisualStudio.TestTools.TestTypes.Unit.UnitTestAdapter, Microsoft.VisualStudio.QualityTools.Tips.UnitTest.Adapter, Version=10.0.0.0, Culture=neutral, PublicKeyToken=b03f5f7f11d50a3a" className="Web.Generics.Tests.UserInterface.Given_a_repository_with_7_elements, Web.Generics.Tests, Version=1.0.0.0, Culture=neutral, PublicKeyToken=null" name="Order_by_ID_desc_must_return_7_items_in_descending_order" />
    </UnitTest>
  </TestDefinitions>
  <TestLists>
    <TestList name="Results Not in a List" id="8c84fa94-04c1-424b-9868-57a2d4851a1d" />
    <TestList name="All Loaded Results" id="19431567-8539-422a-85d7-44ee4e166bda" />
  </TestLists>
  <TestEntries>
    <TestEntry testId="168fbeca-bfc1-581c-b9ec-3c4572d00ed1" executionId="a4279fc7-255a-4b5f-8de8-0a4f4441e135" testListId="8c84fa94-04c1-424b-9868-57a2d4851a1d" />
    <TestEntry testId="1e6af77b-1d3b-9555-806e-265331e477a5" executionId="8b2d4b66-ba8f-47b5-981e-a6a838b1aa5f" testListId="8c84fa94-04c1-424b-9868-57a2d4851a1d" />
    <TestEntry testId="20883c91-712f-7bd9-84c5-0e6b4f0b789d" executionId="bf44e699-bf79-4a1a-ae7b-1afa89d9eb3c" testListId="8c84fa94-04c1-424b-9868-57a2d4851a1d" />
    <TestEntry testId="26b86960-9ce0-9813-79f0-22eb253ddaa4" executionId="c005451e-2f04-4cd7-9e30-891687977a48" testListId="8c84fa94-04c1-424b-9868-57a2d4851a1d" />
    <TestEntry testId="2bbbf406-154d-cfeb-98b8-963991468c1d" executionId="4ab7899e-c162-4599-b547-ee1747f20052" testListId="8c84fa94-04c1-424b-9868-57a2d4851a1d" />
    <TestEntry testId="2c5bb296-3514-19d6-f667-9488bbac924d" executionId="1382570f-4acc-428e-95fb-4d788a2f32f8" testListId="8c84fa94-04c1-424b-9868-57a2d4851a1d" />
    <TestEntry testId="32bcb943-d87d-582b-883d-16c950347d82" executionId="fce0b868-6f9a-44f0-9307-3b1c5969fb50" testListId="8c84fa94-04c1-424b-9868-57a2d4851a1d" />
    <TestEntry testId="373d2bfa-dc22-934f-5046-20f337ec11ab" executionId="304aceb8-0c08-4296-9743-ed0683b80064" testListId="8c84fa94-04c1-424b-9868-57a2d4851a1d" />
    <TestEntry testId="3dd40f28-a6cf-b821-cc15-2eeb654b586d" executionId="b954f29e-054f-4137-8432-ecee2f5b6fa4" testListId="8c84fa94-04c1-424b-9868-57a2d4851a1d" />
    <TestEntry testId="4e379a55-99f6-73bf-d87b-986cf08e255e" executionId="5f60942b-e385-4bca-9670-d93b526b4450" testListId="8c84fa94-04c1-424b-9868-57a2d4851a1d" />
    <TestEntry testId="51ec1ccd-48f5-8524-1192-acdbaed7610f" executionId="ecb67d2c-9a6f-4780-9ed8-6493f07d0123" testListId="8c84fa94-04c1-424b-9868-57a2d4851a1d" />
    <TestEntry testId="62e7782a-96ba-f050-32e7-bd90d51e8098" executionId="af94a73d-b233-4857-8ac5-9f7995ee7638" testListId="8c84fa94-04c1-424b-9868-57a2d4851a1d" />
    <TestEntry testId="6631986b-0730-1229-232f-35d009da40d6" executionId="2fa06db0-34da-49d3-8654-2b7c9e040302" testListId="8c84fa94-04c1-424b-9868-57a2d4851a1d" />
    <TestEntry testId="6d4cc1b8-84b5-98a2-bb17-b334fc688462" executionId="de51a1b6-3d62-463f-8496-61ba8d8d2472" testListId="8c84fa94-04c1-424b-9868-57a2d4851a1d" />
    <TestEntry testId="700866d8-e2eb-49cb-74d4-1ae85ea12f69" executionId="07b9a629-215b-45c3-9f32-bc8449295569" testListId="8c84fa94-04c1-424b-9868-57a2d4851a1d" />
    <TestEntry testId="8aafd531-d21c-00a8-ee90-e1b37e3a3694" executionId="ba063d6e-f774-44a0-be91-6148ead18459" testListId="8c84fa94-04c1-424b-9868-57a2d4851a1d" />
    <TestEntry testId="9fc42f36-ca29-aff9-0c1e-58648d096479" executionId="7a75c758-54cb-46bc-9aa3-05831cdfa7f8" testListId="8c84fa94-04c1-424b-9868-57a2d4851a1d" />
    <TestEntry testId="a2c49a2b-d39d-2796-5d55-e3bc20513b27" executionId="669d331f-48d2-4609-ba79-d7e2ed2132d1" testListId="8c84fa94-04c1-424b-9868-57a2d4851a1d" />
    <TestEntry testId="a7821dd2-9252-958d-d6a8-4c25750f0215" executionId="fb77674e-bd9d-4fea-95f4-b01363269b51" testListId="8c84fa94-04c1-424b-9868-57a2d4851a1d" />
    <TestEntry testId="aac57191-7373-4d93-174a-e11b361b9a1b" executionId="1d43be52-2aaf-4c14-a74c-c5140a934bb1" testListId="8c84fa94-04c1-424b-9868-57a2d4851a1d" />
    <TestEntry testId="afec351d-c5bd-e807-4f9f-6c708da25c8f" executionId="dfac1f51-2a33-454b-9af2-c8ae31a1581b" testListId="8c84fa94-04c1-424b-9868-57a2d4851a1d" />
    <TestEntry testId="b4297581-ff1b-3999-5fd8-95b6036938c0" executionId="52dcdb63-c3f1-41a3-9838-64d030f98ace" testListId="8c84fa94-04c1-424b-9868-57a2d4851a1d" />
    <TestEntry testId="b6819492-f9db-dcf2-0ded-3161c5b9aa32" executionId="b72b0b46-02a6-429c-b4a9-3303cc6da78b" testListId="8c84fa94-04c1-424b-9868-57a2d4851a1d" />
    <TestEntry testId="ca9b6d7d-c72c-ffd4-9266-ae65f3adb659" executionId="1e393407-a91c-4b53-8a3f-e04ab60f344c" testListId="8c84fa94-04c1-424b-9868-57a2d4851a1d" />
    <TestEntry testId="e7a87bf2-4851-5b1c-7df0-92fdcafd03ca" executionId="7cc4918b-ac4e-4863-aea4-a15b3ca24537" testListId="8c84fa94-04c1-424b-9868-57a2d4851a1d" />
    <TestEntry testId="e8e3591b-e3ff-7a0c-2871-7ffb31567b9f" executionId="496bbb82-3473-4c99-8f5d-0e741a5b4708" testListId="8c84fa94-04c1-424b-9868-57a2d4851a1d" />
    <TestEntry testId="ef70adab-cbca-46bf-0d19-52da0a032597" executionId="6d239518-7bed-4f83-bc2c-0612f822f6d9" testListId="8c84fa94-04c1-424b-9868-57a2d4851a1d" />
  </TestEntries>
  <Results>
    <UnitTestResult executionId="a4279fc7-255a-4b5f-8de8-0a4f4441e135" testId="168fbeca-bfc1-581c-b9ec-3c4572d00ed1" testName="Search_with_null_parameters_must_return_all_7_rows" computerName="PIANO" duration="00:00:00.0800925" startTime="2010-10-25T17:46:23.9135815-02:00" endTime="2010-10-25T17:46:24.4008550-02:00" testType="13cdc9d9-ddb5-4fa4-a97d-d965ccfc6d4b" outcome="Passed" testListId="8c84fa94-04c1-424b-9868-57a2d4851a1d" relativeResultsDirectory="a4279fc7-255a-4b5f-8de8-0a4f4441e135">
    </UnitTestResult>
    <UnitTestResult executionId="8b2d4b66-ba8f-47b5-981e-a6a838b1aa5f" testId="1e6af77b-1d3b-9555-806e-265331e477a5" testName="Insert_child_does_not_load_children" computerName="PIANO" duration="00:00:00.0453825" startTime="2010-10-25T17:46:24.4028080-02:00" endTime="2010-10-25T17:46:24.4701865-02:00" testType="13cdc9d9-ddb5-4fa4-a97d-d965ccfc6d4b" outcome="Failed" testListId="8c84fa94-04c1-424b-9868-57a2d4851a1d" relativeResultsDirectory="8b2d4b66-ba8f-47b5-981e-a6a838b1aa5f">
      <Output>
        <ErrorInfo>
          <Message>Initialization method Web.Generics.Tests.NHibernateSessionTests.Initialize threw exception. System.NullReferenceException: System.NullReferenceException: Object reference not set to an instance of an object..</Message>
          <StackTrace>    at Web.Generics.Tests.NHibernateSessionTests.Initialize() in E:\Users\raphael.cruzeiro\Documents\Projects\open\Web.Generics\Web.Generics.Tests\NHibernateSessionTests.cs:line 23
</StackTrace>
        </ErrorInfo>
      </Output>
    </UnitTestResult>
    <UnitTestResult executionId="bf44e699-bf79-4a1a-ae7b-1afa89d9eb3c" testId="20883c91-712f-7bd9-84c5-0e6b4f0b789d" testName="Default_sortinginfo_is_null_property_ascending_with_sorting_disabled" computerName="PIANO" duration="00:00:00.0144767" startTime="2010-10-25T17:46:24.4701865-02:00" endTime="2010-10-25T17:46:24.4994815-02:00" testType="13cdc9d9-ddb5-4fa4-a97d-d965ccfc6d4b" outcome="Failed" testListId="8c84fa94-04c1-424b-9868-57a2d4851a1d" relativeResultsDirectory="bf44e699-bf79-4a1a-ae7b-1afa89d9eb3c">
      <Output>
        <ErrorInfo>
          <Message>Assert.AreEqual failed. Expected:&lt;Ascending&gt;. Actual:&lt;(null)&gt;. </Message>
          <StackTrace>   at Web.Generics.Tests.UserInterface.Given_a_repository_with_7_elements.Default_sortinginfo_is_null_property_ascending_with_sorting_disabled() in E:\Users\raphael.cruzeiro\Documents\Projects\open\Web.Generics\Web.Generics.Tests\UserInterface\Page_Sort_Filter.cs:line 78
</StackTrace>
        </ErrorInfo>
      </Output>
    </UnitTestResult>
    <UnitTestResult executionId="c005451e-2f04-4cd7-9e30-891687977a48" testId="26b86960-9ce0-9813-79f0-22eb253ddaa4" testName="Register_Interface_And_Resolve_To_Implementation_Without_Chaining" computerName="PIANO" duration="00:00:00.0028707" startTime="2010-10-25T17:46:24.5033875-02:00" endTime="2010-10-25T17:46:24.5121760-02:00" testType="13cdc9d9-ddb5-4fa4-a97d-d965ccfc6d4b" outcome="Failed" testListId="8c84fa94-04c1-424b-9868-57a2d4851a1d" relativeResultsDirectory="c005451e-2f04-4cd7-9e30-891687977a48">
      <Output>
        <ErrorInfo>
          <Message>Test method Web.Generics.Tests.Infrastructure_InversionOfControl_Tests.Register_Interface_And_Resolve_To_Implementation_Without_Chaining threw exception: 
System.NullReferenceException: Object reference not set to an instance of an object.</Message>
          <StackTrace>    at Web.Generics.Tests.Infrastructure_InversionOfControl_Tests.Register_Interface_And_Resolve_To_Implementation_Without_Chaining() in E:\Users\raphael.cruzeiro\Documents\Projects\open\Web.Generics\Web.Generics.Tests\Infrastructure_InversionOfControl_Tests.cs:line 43
</StackTrace>
        </ErrorInfo>
      </Output>
    </UnitTestResult>
    <UnitTestResult executionId="4ab7899e-c162-4599-b547-ee1747f20052" testId="2bbbf406-154d-cfeb-98b8-963991468c1d" testName="Pagesize_10_and_pageindex_1_must_return_7_rows" computerName="PIANO" duration="00:00:00.0006584" startTime="2010-10-25T17:46:24.5160820-02:00" endTime="2010-10-25T17:46:24.5209645-02:00" testType="13cdc9d9-ddb5-4fa4-a97d-d965ccfc6d4b" outcome="Passed" testListId="8c84fa94-04c1-424b-9868-57a2d4851a1d" relativeResultsDirectory="4ab7899e-c162-4599-b547-ee1747f20052">
    </UnitTestResult>
    <UnitTestResult executionId="1382570f-4acc-428e-95fb-4d788a2f32f8" testId="2c5bb296-3514-19d6-f667-9488bbac924d" testName="Order_by_ID_desc_must_return_7_items_in_descending_order" computerName="PIANO" duration="00:00:00.0355480" startTime="2010-10-25T17:46:24.5238940-02:00" endTime="2010-10-25T17:46:24.5639305-02:00" testType="13cdc9d9-ddb5-4fa4-a97d-d965ccfc6d4b" outcome="Passed" testListId="8c84fa94-04c1-424b-9868-57a2d4851a1d" relativeResultsDirectory="1382570f-4acc-428e-95fb-4d788a2f32f8">
    </UnitTestResult>
    <UnitTestResult executionId="fce0b868-6f9a-44f0-9307-3b1c5969fb50" testId="32bcb943-d87d-582b-883d-16c950347d82" testName="Register_with_existing_username_returns_ExistingUsername_state" computerName="PIANO" startTime="2010-10-25T17:46:24.5658835-02:00" endTime="2010-10-25T17:46:25.1761960-02:00" testType="13cdc9d9-ddb5-4fa4-a97d-d965ccfc6d4b" testListId="8c84fa94-04c1-424b-9868-57a2d4851a1d" relativeResultsDirectory="fce0b868-6f9a-44f0-9307-3b1c5969fb50">
      <Output>
        <ErrorInfo>
          <Message>Unit Test Adapter threw exception: 
Type is not resolved for member 'NHibernate.Cfg.HibernateConfigException,NHibernate, Version=3.0.0.2001, Culture=neutral, PublicKeyToken=aa95f207798dfdb4'..</Message>
        </ErrorInfo>
      </Output>
    </UnitTestResult>
    <UnitTestResult executionId="304aceb8-0c08-4296-9743-ed0683b80064" testId="373d2bfa-dc22-934f-5046-20f337ec11ab" testName="Pagesize_2_and_pageindex_2_order_by_ID_asc_yields_ids_3_and_4" computerName="PIANO" duration="00:00:00.0112849" startTime="2010-10-25T17:46:25.1908435-02:00" endTime="2010-10-25T17:46:25.2093970-02:00" testType="13cdc9d9-ddb5-4fa4-a97d-d965ccfc6d4b" outcome="Passed" testListId="8c84fa94-04c1-424b-9868-57a2d4851a1d" relativeResultsDirectory="304aceb8-0c08-4296-9743-ed0683b80064">
    </UnitTestResult>
    <UnitTestResult executionId="b954f29e-054f-4137-8432-ecee2f5b6fa4" testId="3dd40f28-a6cf-b821-cc15-2eeb654b586d" testName="Log" computerName="PIANO" duration="00:00:00.0017141" startTime="2010-10-25T17:46:25.2133030-02:00" endTime="2010-10-25T17:46:25.2259975-02:00" testType="13cdc9d9-ddb5-4fa4-a97d-d965ccfc6d4b" outcome="Passed" testListId="8c84fa94-04c1-424b-9868-57a2d4851a1d" relativeResultsDirectory="b954f29e-054f-4137-8432-ecee2f5b6fa4">
    </UnitTestResult>
    <UnitTestResult executionId="5f60942b-e385-4bca-9670-d93b526b4450" testId="4e379a55-99f6-73bf-d87b-986cf08e255e" testName="Pagesize_10_and_pageindex_2_must_yield_page_1" computerName="PIANO" duration="00:00:00.0062317" startTime="2010-10-25T17:46:25.2299035-02:00" endTime="2010-10-25T17:46:25.2425980-02:00" testType="13cdc9d9-ddb5-4fa4-a97d-d965ccfc6d4b" outcome="Failed" testListId="8c84fa94-04c1-424b-9868-57a2d4851a1d" relativeResultsDirectory="5f60942b-e385-4bca-9670-d93b526b4450">
      <Output>
        <ErrorInfo>
          <Message>Assert.AreEqual failed. Expected:&lt;1,2,3,4,5,6,7&gt;. Actual:&lt;&gt;. </Message>
          <StackTrace>   at Web.Generics.Tests.UserInterface.Given_a_repository_with_7_elements.Pagesize_10_and_pageindex_2_must_yield_page_1() in E:\Users\raphael.cruzeiro\Documents\Projects\open\Web.Generics\Web.Generics.Tests\UserInterface\Page_Sort_Filter.cs:line 141
</StackTrace>
        </ErrorInfo>
      </Output>
    </UnitTestResult>
    <UnitTestResult executionId="ecb67d2c-9a6f-4780-9ed8-6493f07d0123" testId="51ec1ccd-48f5-8524-1192-acdbaed7610f" testName="Show_Items_In_Grid" computerName="PIANO" duration="00:00:00.0036898" startTime="2010-10-25T17:46:25.2513865-02:00" endTime="2010-10-25T17:46:25.2631045-02:00" testType="13cdc9d9-ddb5-4fa4-a97d-d965ccfc6d4b" outcome="Failed" testListId="8c84fa94-04c1-424b-9868-57a2d4851a1d" relativeResultsDirectory="ecb67d2c-9a6f-4780-9ed8-6493f07d0123">
      <Output>
        <ErrorInfo>
          <Message>Initialization method Web.Generics.Tests.UserInterface_Grids.Initialize threw exception. System.ApplicationException: System.ApplicationException: Session factory not configured. Did you call ApplicationManager.Initialize()?.</Message>
          <StackTrace>    at Web.Generics.ApplicationManager.GetCurrentSession() in E:\Users\raphael.cruzeiro\Documents\Projects\open\Web.Generics\Web.Generics\ApplicationManager.cs:line 122
   at Web.Generics.Infrastructure.DataAccess.NHibernate.NHibernateRepositoryContext..ctor() in E:\Users\raphael.cruzeiro\Documents\Projects\open\Web.Generics\Web.Generics\Infrastructure\DataAccess\NHibernate\NHibernateRepositoryContext.cs:line 15
   at Web.Generics.Tests.ContextFactory.GetContext() in E:\Users\raphael.cruzeiro\Documents\Projects\open\Web.Generics\Web.Generics.Tests\ContextFactory.cs:line 19
   at Web.Generics.Tests.UserInterface_Grids.Initialize() in E:\Users\raphael.cruzeiro\Documents\Projects\open\Web.Generics\Web.Generics.Tests\UserInterface_Grids.cs:line 20
</StackTrace>
        </ErrorInfo>
      </Output>
    </UnitTestResult>
    <UnitTestResult executionId="af94a73d-b233-4857-8ac5-9f7995ee7638" testId="62e7782a-96ba-f050-32e7-bd90d51e8098" testName="Register_with_valid_data_inserts_user_into_database_and_returns_them" computerName="PIANO" startTime="2010-10-25T17:46:25.2767755-02:00" endTime="2010-10-25T17:46:25.3011880-02:00" testType="13cdc9d9-ddb5-4fa4-a97d-d965ccfc6d4b" testListId="8c84fa94-04c1-424b-9868-57a2d4851a1d" relativeResultsDirectory="af94a73d-b233-4857-8ac5-9f7995ee7638">
      <Output>
        <ErrorInfo>
          <Message>Unit Test Adapter threw exception: 
Type is not resolved for member 'NHibernate.Cfg.HibernateConfigException,NHibernate, Version=3.0.0.2001, Culture=neutral, PublicKeyToken=aa95f207798dfdb4'..</Message>
        </ErrorInfo>
      </Output>
    </UnitTestResult>
    <UnitTestResult executionId="2fa06db0-34da-49d3-8654-2b7c9e040302" testId="6631986b-0730-1229-232f-35d009da40d6" testName="Paging" computerName="PIANO" duration="00:00:00.0021064" startTime="2010-10-25T17:46:25.3090000-02:00" endTime="2010-10-25T17:46:25.3187650-02:00" testType="13cdc9d9-ddb5-4fa4-a97d-d965ccfc6d4b" outcome="Failed" testListId="8c84fa94-04c1-424b-9868-57a2d4851a1d" relativeResultsDirectory="2fa06db0-34da-49d3-8654-2b7c9e040302">
      <Output>
        <ErrorInfo>
          <Message>Initialization method Web.Generics.Tests.UserInterface_Grids.Initialize threw exception. System.ApplicationException: System.ApplicationException: Session factory not configured. Did you call ApplicationManager.Initialize()?.</Message>
          <StackTrace>    at Web.Generics.ApplicationManager.GetCurrentSession() in E:\Users\raphael.cruzeiro\Documents\Projects\open\Web.Generics\Web.Generics\ApplicationManager.cs:line 122
   at Web.Generics.Infrastructure.DataAccess.NHibernate.NHibernateRepositoryContext..ctor() in E:\Users\raphael.cruzeiro\Documents\Projects\open\Web.Generics\Web.Generics\Infrastructure\DataAccess\NHibernate\NHibernateRepositoryContext.cs:line 15
   at Web.Generics.Tests.ContextFactory.GetContext() in E:\Users\raphael.cruzeiro\Documents\Projects\open\Web.Generics\Web.Generics.Tests\ContextFactory.cs:line 19
   at Web.Generics.Tests.UserInterface_Grids.Initialize() in E:\Users\raphael.cruzeiro\Documents\Projects\open\Web.Generics\Web.Generics.Tests\UserInterface_Grids.cs:line 20
</StackTrace>
        </ErrorInfo>
      </Output>
    </UnitTestResult>
    <UnitTestResult executionId="de51a1b6-3d62-463f-8496-61ba8d8d2472" testId="6d4cc1b8-84b5-98a2-bb17-b334fc688462" testName="All_null_parameters_brings_all_values" computerName="PIANO" duration="00:00:00.0009716" startTime="2010-10-25T17:46:25.3265770-02:00" endTime="2010-10-25T17:46:25.3324360-02:00" testType="13cdc9d9-ddb5-4fa4-a97d-d965ccfc6d4b" outcome="Passed" testListId="8c84fa94-04c1-424b-9868-57a2d4851a1d" relativeResultsDirectory="de51a1b6-3d62-463f-8496-61ba8d8d2472">
    </UnitTestResult>
    <UnitTestResult executionId="07b9a629-215b-45c3-9f32-bc8449295569" testId="700866d8-e2eb-49cb-74d4-1ae85ea12f69" testName="Resolve_Controller_With_Generic_Controller_And_Specific_ViewModel" computerName="PIANO" duration="00:00:00.0023969" startTime="2010-10-25T17:46:25.3402480-02:00" endTime="2010-10-25T17:46:25.3500130-02:00" testType="13cdc9d9-ddb5-4fa4-a97d-d965ccfc6d4b" outcome="Failed" testListId="8c84fa94-04c1-424b-9868-57a2d4851a1d" relativeResultsDirectory="07b9a629-215b-45c3-9f32-bc8449295569">
      <Output>
        <ErrorInfo>
          <Message>Test method Web.Generics.Tests.Infrastructure_InversionOfControl_Tests.Resolve_Controller_With_Generic_Controller_And_Specific_ViewModel threw exception: 
System.NullReferenceException: Object reference not set to an instance of an object.</Message>
          <StackTrace>    at Web.Generics.Tests.Infrastructure_InversionOfControl_Tests.Resolve_Controller_With_Generic_Controller_And_Specific_ViewModel() in E:\Users\raphael.cruzeiro\Documents\Projects\open\Web.Generics\Web.Generics.Tests\Infrastructure_InversionOfControl_Tests.cs:line 71
</StackTrace>
        </ErrorInfo>
      </Output>
    </UnitTestResult>
    <UnitTestResult executionId="ba063d6e-f774-44a0-be91-6148ead18459" testId="8aafd531-d21c-00a8-ee90-e1b37e3a3694" testName="List_Posts_By_Date_Range" computerName="PIANO" duration="00:00:00.4303200" startTime="2010-10-25T17:46:25.3568485-02:00" endTime="2010-10-25T17:46:25.7913910-02:00" testType="13cdc9d9-ddb5-4fa4-a97d-d965ccfc6d4b" outcome="Failed" testListId="8c84fa94-04c1-424b-9868-57a2d4851a1d" relativeResultsDirectory="ba063d6e-f774-44a0-be91-6148ead18459">
      <Output>
        <ErrorInfo>
          <Message>Initialization method Inspira.Blog.Tests.Blog_Services.Initialize threw exception. System.Data.MetadataException: System.Data.MetadataException: Schema specified is not valid. Errors: 
The relationship 'Inspira.Blog.DomainModel.FK_Posts_WebLog' was not loaded because the type 'Inspira.Blog.DomainModel.WebLog' is not available.
The following information may be useful in resolving the previous error:
The required property 'Owners' does not exist on the type 'Inspira.Blog.DomainModel.WebLog'.

.</Message>
          <StackTrace>    at System.Data.Metadata.Edm.ObjectItemCollection.LoadAssemblyFromCache(ObjectItemCollection objectItemCollection, Assembly assembly, Boolean loadReferencedAssemblies, EdmItemCollection edmItemCollection, Action`1 logLoadMessage)
   at System.Data.Metadata.Edm.ObjectItemCollection.ImplicitLoadAssemblyForType(Type type, EdmItemCollection edmItemCollection)
   at System.Data.Metadata.Edm.MetadataWorkspace.ImplicitLoadAssemblyForType(Type type, Assembly callingAssembly)
   at System.Data.Objects.ObjectContext.GetTypeUsage(Type entityCLRType)
   at System.Data.Objects.ObjectContext.GetEntitySetFromContainer(EntityContainer container, Type entityCLRType, String exceptionParameterName)
   at System.Data.Objects.ObjectContext.GetEntitySetForType(Type entityCLRType, String exceptionParameterName)
   at System.Data.Objects.ObjectContext.CreateObjectSet[TEntity]()
   at Web.Generics.Infrastructure.DataAccess.EntityFramework.EntityFrameworkRepositoryContext.Query[T]() in E:\Users\raphael.cruzeiro\Documents\Projects\open\Web.Generics\Web.Generics.Futures\Infrastructure\DataAccess\EntityFramework\EntityFrameworkRepositoryContext.cs:line 24
   at Web.Generics.Infrastructure.DataAccess.EntityFramework.EntityFrameworkRepositoryContext.SaveOrUpdate[T](T obj) in E:\Users\raphael.cruzeiro\Documents\Projects\open\Web.Generics\Web.Generics.Futures\Infrastructure\DataAccess\EntityFramework\EntityFrameworkRepositoryContext.cs:line 30
   at Web.Generics.ApplicationServices.DataAccess.GenericRepository`1.SaveOrUpdate(T obj) in E:\Users\raphael.cruzeiro\Documents\Projects\open\Web.Generics\Web.Generics\ApplicationServices\DataAccess\GenericRepository.cs:line 24
   at Inspira.Blog.Tests.Blog_Services.Initialize() in E:\Users\raphael.cruzeiro\Documents\Projects\open\Web.Generics\Web.Generics.Tests\Blog_Services.cs:line 35
</StackTrace>
        </ErrorInfo>
      </Output>
    </UnitTestResult>
    <UnitTestResult executionId="7a75c758-54cb-46bc-9aa3-05831cdfa7f8" testId="9fc42f36-ca29-aff9-0c1e-58648d096479" testName="Resolve_Controller_With_Generic_Implementations" computerName="PIANO" duration="00:00:00.0014473" startTime="2010-10-25T17:46:25.7972500-02:00" endTime="2010-10-25T17:46:25.8031090-02:00" testType="13cdc9d9-ddb5-4fa4-a97d-d965ccfc6d4b" outcome="Failed" testListId="8c84fa94-04c1-424b-9868-57a2d4851a1d" relativeResultsDirectory="7a75c758-54cb-46bc-9aa3-05831cdfa7f8">
      <Output>
        <ErrorInfo>
          <Message>Test method Web.Generics.Tests.Infrastructure_InversionOfControl_Tests.Resolve_Controller_With_Generic_Implementations threw exception: 
System.NullReferenceException: Object reference not set to an instance of an object.</Message>
          <StackTrace>    at Web.Generics.Tests.Infrastructure_InversionOfControl_Tests.Resolve_Controller_With_Generic_Implementations() in E:\Users\raphael.cruzeiro\Documents\Projects\open\Web.Generics\Web.Generics.Tests\Infrastructure_InversionOfControl_Tests.cs:line 57
</StackTrace>
        </ErrorInfo>
      </Output>
    </UnitTestResult>
    <UnitTestResult executionId="669d331f-48d2-4609-ba79-d7e2ed2132d1" testId="a2c49a2b-d39d-2796-5d55-e3bc20513b27" testName="InsertPostWithExistingTagsAndComments" computerName="PIANO" duration="00:00:00.0017426" startTime="2010-10-25T17:46:25.8079915-02:00" endTime="2010-10-25T17:46:25.8138505-02:00" testType="13cdc9d9-ddb5-4fa4-a97d-d965ccfc6d4b" outcome="Failed" testListId="8c84fa94-04c1-424b-9868-57a2d4851a1d" relativeResultsDirectory="669d331f-48d2-4609-ba79-d7e2ed2132d1">
      <Output>
        <ErrorInfo>
          <Message>Initialization method Web.Generics.Tests.Infrastructure_Repository_Tests.TestInitialize threw exception. System.ApplicationException: System.ApplicationException: Session factory not configured. Did you call ApplicationManager.Initialize()?.</Message>
          <StackTrace>    at Web.Generics.ApplicationManager.GetCurrentSession() in E:\Users\raphael.cruzeiro\Documents\Projects\open\Web.Generics\Web.Generics\ApplicationManager.cs:line 122
   at Web.Generics.Infrastructure.DataAccess.NHibernate.NHibernateRepositoryContext..ctor() in E:\Users\raphael.cruzeiro\Documents\Projects\open\Web.Generics\Web.Generics\Infrastructure\DataAccess\NHibernate\NHibernateRepositoryContext.cs:line 15
   at Web.Generics.Tests.ContextFactory.GetContext() in E:\Users\raphael.cruzeiro\Documents\Projects\open\Web.Generics\Web.Generics.Tests\ContextFactory.cs:line 19
   at Web.Generics.Tests.Infrastructure_Repository_Tests.TestInitialize() in E:\Users\raphael.cruzeiro\Documents\Projects\open\Web.Generics\Web.Generics.Tests\Infrastructure_Repository_Tests.cs:line 34
</StackTrace>
        </ErrorInfo>
      </Output>
    </UnitTestResult>
    <UnitTestResult executionId="fb77674e-bd9d-4fea-95f4-b01363269b51" testId="a7821dd2-9252-958d-d6a8-4c25750f0215" testName="Default_paginginfo_is_pageindex_1_and_pagesize_10_with_paging_disabled" computerName="PIANO" duration="00:00:00.0002955" startTime="2010-10-25T17:46:25.8197095-02:00" endTime="2010-10-25T17:46:25.8265450-02:00" testType="13cdc9d9-ddb5-4fa4-a97d-d965ccfc6d4b" outcome="Passed" testListId="8c84fa94-04c1-424b-9868-57a2d4851a1d" relativeResultsDirectory="fb77674e-bd9d-4fea-95f4-b01363269b51">
    </UnitTestResult>
    <UnitTestResult executionId="1d43be52-2aaf-4c14-a74c-c5140a934bb1" testId="aac57191-7373-4d93-174a-e11b361b9a1b" testName="Insert_child_does_not_load_children_v2" computerName="PIANO" duration="00:00:00.0014865" startTime="2010-10-25T17:46:25.8294745-02:00" endTime="2010-10-25T17:46:25.8363100-02:00" testType="13cdc9d9-ddb5-4fa4-a97d-d965ccfc6d4b" outcome="Failed" testListId="8c84fa94-04c1-424b-9868-57a2d4851a1d" relativeResultsDirectory="1d43be52-2aaf-4c14-a74c-c5140a934bb1">
      <Output>
        <ErrorInfo>
          <Message>Initialization method Web.Generics.Tests.NHibernateSessionTests.Initialize threw exception. System.NullReferenceException: System.NullReferenceException: Object reference not set to an instance of an object..</Message>
          <StackTrace>    at Web.Generics.Tests.NHibernateSessionTests.Initialize() in E:\Users\raphael.cruzeiro\Documents\Projects\open\Web.Generics\Web.Generics.Tests\NHibernateSessionTests.cs:line 23
</StackTrace>
        </ErrorInfo>
      </Output>
    </UnitTestResult>
    <UnitTestResult executionId="dfac1f51-2a33-454b-9af2-c8ae31a1581b" testId="afec351d-c5bd-e807-4f9f-6c708da25c8f" testName="InsertPostWithNullableProperty" computerName="PIANO" duration="00:00:00.0015619" startTime="2010-10-25T17:46:25.8382630-02:00" endTime="2010-10-25T17:46:25.8597460-02:00" testType="13cdc9d9-ddb5-4fa4-a97d-d965ccfc6d4b" outcome="Failed" testListId="8c84fa94-04c1-424b-9868-57a2d4851a1d" relativeResultsDirectory="dfac1f51-2a33-454b-9af2-c8ae31a1581b">
      <Output>
        <ErrorInfo>
          <Message>Initialization method Web.Generics.Tests.Infrastructure_Repository_Tests.TestInitialize threw exception. System.ApplicationException: System.ApplicationException: Session factory not configured. Did you call ApplicationManager.Initialize()?.</Message>
          <StackTrace>    at Web.Generics.ApplicationManager.GetCurrentSession() in E:\Users\raphael.cruzeiro\Documents\Projects\open\Web.Generics\Web.Generics\ApplicationManager.cs:line 122
   at Web.Generics.Infrastructure.DataAccess.NHibernate.NHibernateRepositoryContext..ctor() in E:\Users\raphael.cruzeiro\Documents\Projects\open\Web.Generics\Web.Generics\Infrastructure\DataAccess\NHibernate\NHibernateRepositoryContext.cs:line 15
   at Web.Generics.Tests.ContextFactory.GetContext() in E:\Users\raphael.cruzeiro\Documents\Projects\open\Web.Generics\Web.Generics.Tests\ContextFactory.cs:line 19
   at Web.Generics.Tests.Infrastructure_Repository_Tests.TestInitialize() in E:\Users\raphael.cruzeiro\Documents\Projects\open\Web.Generics\Web.Generics.Tests\Infrastructure_Repository_Tests.cs:line 34
</StackTrace>
        </ErrorInfo>
      </Output>
    </UnitTestResult>
    <UnitTestResult executionId="52dcdb63-c3f1-41a3-9838-64d030f98ace" testId="b4297581-ff1b-3999-5fd8-95b6036938c0" testName="Add_Comment_In_Post" computerName="PIANO" duration="00:00:00.0025330" startTime="2010-10-25T17:46:25.8626755-02:00" endTime="2010-10-25T17:46:25.8714640-02:00" testType="13cdc9d9-ddb5-4fa4-a97d-d965ccfc6d4b" outcome="Failed" testListId="8c84fa94-04c1-424b-9868-57a2d4851a1d" relativeResultsDirectory="52dcdb63-c3f1-41a3-9838-64d030f98ace">
      <Output>
        <ErrorInfo>
          <Message>Initialization method Inspira.Blog.Tests.Blog_Services.Initialize threw exception. System.Data.MetadataException: System.Data.MetadataException: Schema specified is not valid. Errors: 
The relationship 'Inspira.Blog.DomainModel.FK_Posts_WebLog' was not loaded because the type 'Inspira.Blog.DomainModel.WebLog' is not available.
The following information may be useful in resolving the previous error:
The required property 'Owners' does not exist on the type 'Inspira.Blog.DomainModel.WebLog'.

.</Message>
          <StackTrace>    at System.Data.Metadata.Edm.ObjectItemCollection.LoadAssemblyFromCache(ObjectItemCollection objectItemCollection, Assembly assembly, Boolean loadReferencedAssemblies, EdmItemCollection edmItemCollection, Action`1 logLoadMessage)
   at System.Data.Metadata.Edm.ObjectItemCollection.ImplicitLoadAssemblyForType(Type type, EdmItemCollection edmItemCollection)
   at System.Data.Metadata.Edm.MetadataWorkspace.ImplicitLoadAssemblyForType(Type type, Assembly callingAssembly)
   at System.Data.Objects.ObjectContext.GetTypeUsage(Type entityCLRType)
   at System.Data.Objects.ObjectContext.GetEntitySetFromContainer(EntityContainer container, Type entityCLRType, String exceptionParameterName)
   at System.Data.Objects.ObjectContext.GetEntitySetForType(Type entityCLRType, String exceptionParameterName)
   at System.Data.Objects.ObjectContext.CreateObjectSet[TEntity]()
   at Web.Generics.Infrastructure.DataAccess.EntityFramework.EntityFrameworkRepositoryContext.Query[T]() in E:\Users\raphael.cruzeiro\Documents\Projects\open\Web.Generics\Web.Generics.Futures\Infrastructure\DataAccess\EntityFramework\EntityFrameworkRepositoryContext.cs:line 24
   at Web.Generics.Infrastructure.DataAccess.EntityFramework.EntityFrameworkRepositoryContext.SaveOrUpdate[T](T obj) in E:\Users\raphael.cruzeiro\Documents\Projects\open\Web.Generics\Web.Generics.Futures\Infrastructure\DataAccess\EntityFramework\EntityFrameworkRepositoryContext.cs:line 30
   at Web.Generics.ApplicationServices.DataAccess.GenericRepository`1.SaveOrUpdate(T obj) in E:\Users\raphael.cruzeiro\Documents\Projects\open\Web.Generics\Web.Generics\ApplicationServices\DataAccess\GenericRepository.cs:line 24
   at Inspira.Blog.Tests.Blog_Services.Initialize() in E:\Users\raphael.cruzeiro\Documents\Projects\open\Web.Generics\Web.Generics.Tests\Blog_Services.cs:line 35
</StackTrace>
        </ErrorInfo>
      </Output>
    </UnitTestResult>
    <UnitTestResult executionId="b72b0b46-02a6-429c-b4a9-3303cc6da78b" testId="b6819492-f9db-dcf2-0ded-3161c5b9aa32" testName="Log_With_Aspect" computerName="PIANO" duration="00:00:00.0021977" startTime="2010-10-25T17:46:25.8763465-02:00" endTime="2010-10-25T17:46:25.8861115-02:00" testType="13cdc9d9-ddb5-4fa4-a97d-d965ccfc6d4b" outcome="Passed" testListId="8c84fa94-04c1-424b-9868-57a2d4851a1d" relativeResultsDirectory="b72b0b46-02a6-429c-b4a9-3303cc6da78b">
    </UnitTestResult>
    <UnitTestResult executionId="1e393407-a91c-4b53-8a3f-e04ab60f344c" testId="ca9b6d7d-c72c-ffd4-9266-ae65f3adb659" testName="InsertPostWithNewTagsAndComments" computerName="PIANO" duration="00:00:00.0016127" startTime="2010-10-25T17:46:25.8890410-02:00" endTime="2010-10-25T17:46:25.8968530-02:00" testType="13cdc9d9-ddb5-4fa4-a97d-d965ccfc6d4b" outcome="Failed" testListId="8c84fa94-04c1-424b-9868-57a2d4851a1d" relativeResultsDirectory="1e393407-a91c-4b53-8a3f-e04ab60f344c">
      <Output>
        <ErrorInfo>
          <Message>Initialization method Web.Generics.Tests.Infrastructure_Repository_Tests.TestInitialize threw exception. System.ApplicationException: System.ApplicationException: Session factory not configured. Did you call ApplicationManager.Initialize()?.</Message>
          <StackTrace>    at Web.Generics.ApplicationManager.GetCurrentSession() in E:\Users\raphael.cruzeiro\Documents\Projects\open\Web.Generics\Web.Generics\ApplicationManager.cs:line 122
   at Web.Generics.Infrastructure.DataAccess.NHibernate.NHibernateRepositoryContext..ctor() in E:\Users\raphael.cruzeiro\Documents\Projects\open\Web.Generics\Web.Generics\Infrastructure\DataAccess\NHibernate\NHibernateRepositoryContext.cs:line 15
   at Web.Generics.Tests.ContextFactory.GetContext() in E:\Users\raphael.cruzeiro\Documents\Projects\open\Web.Generics\Web.Generics.Tests\ContextFactory.cs:line 19
   at Web.Generics.Tests.Infrastructure_Repository_Tests.TestInitialize() in E:\Users\raphael.cruzeiro\Documents\Projects\open\Web.Generics\Web.Generics.Tests\Infrastructure_Repository_Tests.cs:line 34
</StackTrace>
        </ErrorInfo>
      </Output>
    </UnitTestResult>
    <UnitTestResult executionId="7cc4918b-ac4e-4863-aea4-a15b3ca24537" testId="e7a87bf2-4851-5b1c-7df0-92fdcafd03ca" testName="Resolve_Controller_With_Specific_Controller_And_ViewModel" computerName="PIANO" duration="00:00:00.0017404" startTime="2010-10-25T17:46:25.9017355-02:00" endTime="2010-10-25T17:46:25.9115005-02:00" testType="13cdc9d9-ddb5-4fa4-a97d-d965ccfc6d4b" outcome="Failed" testListId="8c84fa94-04c1-424b-9868-57a2d4851a1d" relativeResultsDirectory="7cc4918b-ac4e-4863-aea4-a15b3ca24537">
      <Output>
        <ErrorInfo>
          <Message>Test method Web.Generics.Tests.Infrastructure_InversionOfControl_Tests.Resolve_Controller_With_Specific_Controller_And_ViewModel threw exception: 
System.NullReferenceException: Object reference not set to an instance of an object.</Message>
          <StackTrace>    at Web.Generics.Tests.Infrastructure_InversionOfControl_Tests.Resolve_Controller_With_Specific_Controller_And_ViewModel() in E:\Users\raphael.cruzeiro\Documents\Projects\open\Web.Generics\Web.Generics.Tests\Infrastructure_InversionOfControl_Tests.cs:line 64
</StackTrace>
        </ErrorInfo>
      </Output>
    </UnitTestResult>
    <UnitTestResult executionId="496bbb82-3473-4c99-8f5d-0e741a5b4708" testId="e8e3591b-e3ff-7a0c-2871-7ffb31567b9f" testName="SelectWithLambdaExpressions" computerName="PIANO" duration="00:00:00.0014828" startTime="2010-10-25T17:46:25.9173595-02:00" endTime="2010-10-25T17:46:25.9241950-02:00" testType="13cdc9d9-ddb5-4fa4-a97d-d965ccfc6d4b" outcome="Failed" testListId="8c84fa94-04c1-424b-9868-57a2d4851a1d" relativeResultsDirectory="496bbb82-3473-4c99-8f5d-0e741a5b4708">
      <Output>
        <ErrorInfo>
          <Message>Initialization method Web.Generics.Tests.Infrastructure_Repository_Tests.TestInitialize threw exception. System.ApplicationException: System.ApplicationException: Session factory not configured. Did you call ApplicationManager.Initialize()?.</Message>
          <StackTrace>    at Web.Generics.ApplicationManager.GetCurrentSession() in E:\Users\raphael.cruzeiro\Documents\Projects\open\Web.Generics\Web.Generics\ApplicationManager.cs:line 122
   at Web.Generics.Infrastructure.DataAccess.NHibernate.NHibernateRepositoryContext..ctor() in E:\Users\raphael.cruzeiro\Documents\Projects\open\Web.Generics\Web.Generics\Infrastructure\DataAccess\NHibernate\NHibernateRepositoryContext.cs:line 15
   at Web.Generics.Tests.ContextFactory.GetContext() in E:\Users\raphael.cruzeiro\Documents\Projects\open\Web.Generics\Web.Generics.Tests\ContextFactory.cs:line 19
   at Web.Generics.Tests.Infrastructure_Repository_Tests.TestInitialize() in E:\Users\raphael.cruzeiro\Documents\Projects\open\Web.Generics\Web.Generics.Tests\Infrastructure_Repository_Tests.cs:line 34
</StackTrace>
        </ErrorInfo>
      </Output>
    </UnitTestResult>
    <UnitTestResult executionId="6d239518-7bed-4f83-bc2c-0612f822f6d9" testId="ef70adab-cbca-46bf-0d19-52da0a032597" testName="Resolve_With_Chaining" computerName="PIANO" duration="00:00:00.0014063" startTime="2010-10-25T17:46:25.9290775-02:00" endTime="2010-10-25T17:46:25.9388425-02:00" testType="13cdc9d9-ddb5-4fa4-a97d-d965ccfc6d4b" outcome="Failed" testListId="8c84fa94-04c1-424b-9868-57a2d4851a1d" relativeResultsDirectory="6d239518-7bed-4f83-bc2c-0612f822f6d9">
      <Output>
        <ErrorInfo>
          <Message>Test method Web.Generics.Tests.Infrastructure_InversionOfControl_Tests.Resolve_With_Chaining threw exception: 
System.NullReferenceException: Object reference not set to an instance of an object.</Message>
          <StackTrace>    at Web.Generics.Tests.Infrastructure_InversionOfControl_Tests.Resolve_With_Chaining() in E:\Users\raphael.cruzeiro\Documents\Projects\open\Web.Generics\Web.Generics.Tests\Infrastructure_InversionOfControl_Tests.cs:line 50
</StackTrace>
        </ErrorInfo>
      </Output>
    </UnitTestResult>
  </Results>
</TestRun>