<?xml version="1.0" encoding="UTF-8"?>
<TestRun id="83249de9-3a13-490f-b854-e7412a0ff51c" name="raphael.cruzeiro@PIANO 2010-10-26 16:08:10" runUser="PIANO\raphael.cruzeiro" xmlns="http://microsoft.com/schemas/VisualStudio/TeamTest/2010">
  <TestSettings name="Default Test Settings" id="588eac21-1066-4621-8f7f-fec7a120aed2">
    <Deployment runDeploymentRoot="raphael.cruzeiro_PIANO 2010-10-26 16_08_10">
      <DeploymentItem filename="E:\Users\raphael.cruzeiro\Documents\Projects\open\Web.Generics\lib\NHibernate\Antlr3.Runtime.dll" />
      <DeploymentItem filename="E:\Users\raphael.cruzeiro\Documents\Projects\open\Web.Generics\Web.Generics.Web\bin\Debug\Web.Generics.Web.dll" />
      <DeploymentItem filename="E:\Users\raphael.cruzeiro\Documents\Projects\open\Web.Generics\Inspira.Blog\bin\Debug\Inspira.Blog.dll" />
      <DeploymentItem filename="E:\Users\raphael.cruzeiro\Documents\Projects\open\Web.Generics\lib\NHibernate\NHibernate.dll" />
      <DeploymentItem filename="E:\Users\raphael.cruzeiro\Documents\Projects\open\Web.Generics\lib\NHibernate\Iesi.Collections.dll" />
      <DeploymentItem filename="E:\Users\raphael.cruzeiro\Documents\Projects\open\Web.Generics\Web.Generics\bin\Debug\Web.Generics.dll" />
      <DeploymentItem filename="E:\Users\raphael.cruzeiro\Documents\Projects\open\Web.Generics\lib\NHibernate\System.Data.SQLite.dll" />
      <DeploymentItem filename="E:\Users\raphael.cruzeiro\Documents\Projects\open\Web.Generics\Web.Generics.Futures\bin\Debug\Web.Generics.Futures.dll" />
      <DeploymentItem filename="E:\Users\raphael.cruzeiro\Documents\Projects\open\Web.Generics\lib\NHibernate\FluentNHibernate.dll" />
      <DeploymentItem filename="E:\Users\raphael.cruzeiro\Documents\Projects\open\Web.Generics\lib\NHibernate\NHibernate.ByteCode.LinFu.dll" />
      <DeploymentItem filename="E:\Users\raphael.cruzeiro\Documents\Projects\open\Web.Generics\Web.Generics.WebMvc\bin\Debug\Web.Generics.WebMvc.dll" />
      <DeploymentItem filename="E:\Users\raphael.cruzeiro\Documents\Projects\open\Web.Generics\lib\NHibernate\log4net.dll" />
      <DeploymentItem filename="E:\Users\raphael.cruzeiro\Documents\Projects\open\Web.Generics\lib\Moq\Moq.dll" />
      <DeploymentItem filename="E:\Users\raphael.cruzeiro\Documents\Projects\open\Web.Generics\Inspira.Blog.DomainModel\bin\Debug\Inspira.Blog.DomainModel.dll" />
    </Deployment>
    <Execution>
      <TestTypeSpecific />
      <AgentRule name="Execution Agents">
      </AgentRule>
    </Execution>
  </TestSettings>
  <Times creation="2010-10-26T16:08:10.8643225-02:00" queuing="2010-10-26T16:08:11.5996270-02:00" start="2010-10-26T16:08:11.6845825-02:00" finish="2010-10-26T16:08:14.0320885-02:00" />
  <ResultSummary outcome="Error">
    <Counters total="42" executed="42" passed="12" error="13" failed="17" timeout="0" aborted="0" inconclusive="0" passedButRunAborted="0" notRunnable="0" notExecuted="0" disconnected="0" warning="0" completed="0" inProgress="0" pending="0" />
    <RunInfos>
      <RunInfo computerName="PIANO" outcome="Warning" timestamp="2010-10-26T16:08:11.5976740-02:00">
        <Text>Warning: Test Run deployment issue: The assembly or module 'Microsoft.Practices.ServiceLocation' directly or indirectly referenced by the test container 'e:\users\raphael.cruzeiro\documents\projects\open\web.generics\web.generics.tests\bin\debug\web.generics.tests.dll' was not found.</Text>
      </RunInfo>
    </RunInfos>
  </ResultSummary>
  <TestDefinitions>
    <UnitTest name="Register_Interface_And_Resolve_To_Implementation_Without_Chaining" storage="e:\users\raphael.cruzeiro\documents\projects\open\web.generics\web.generics.tests\bin\debug\web.generics.tests.dll" id="26b86960-9ce0-9813-79f0-22eb253ddaa4">
      <Execution id="b4642292-ec7c-4e44-b0f5-5eddd6facb38" />
      <TestMethod codeBase="E:/Users/raphael.cruzeiro/Documents/Projects/open/Web.Generics/Web.Generics.Tests/bin/Debug/Web.Generics.Tests.DLL" adapterTypeName="Microsoft.VisualStudio.TestTools.TestTypes.Unit.UnitTestAdapter, Microsoft.VisualStudio.QualityTools.Tips.UnitTest.Adapter, Version=10.0.0.0, Culture=neutral, PublicKeyToken=b03f5f7f11d50a3a" className="Web.Generics.Tests.Infrastructure_InversionOfControl_Tests, Web.Generics.Tests, Version=1.0.0.0, Culture=neutral, PublicKeyToken=null" name="Register_Interface_And_Resolve_To_Implementation_Without_Chaining" />
    </UnitTest>
    <UnitTest name="Register_fail_must_rollback_transaction" storage="e:\users\raphael.cruzeiro\documents\projects\open\web.generics\web.generics.tests\bin\debug\web.generics.tests.dll" id="7c1f9829-2243-a68a-054d-4ef62fe678e9">
      <Execution id="a892d110-ca69-4fb6-a95a-fc42bfc0b430" />
      <TestMethod codeBase="E:/Users/raphael.cruzeiro/Documents/Projects/open/Web.Generics/Web.Generics.Tests/bin/Debug/Web.Generics.Tests.DLL" adapterTypeName="Microsoft.VisualStudio.TestTools.TestTypes.Unit.UnitTestAdapter, Microsoft.VisualStudio.QualityTools.Tips.UnitTest.Adapter, Version=10.0.0.0, Culture=neutral, PublicKeyToken=b03f5f7f11d50a3a" className="Web.Generics.Tests.Authentication.MembershipServicesTests, Web.Generics.Tests, Version=1.0.0.0, Culture=neutral, PublicKeyToken=null" name="Register_fail_must_rollback_transaction" />
    </UnitTest>
    <UnitTest name="Create_gridcolumns_3_items" storage="e:\users\raphael.cruzeiro\documents\projects\open\web.generics\web.generics.tests\bin\debug\web.generics.tests.dll" id="6bcac391-9788-10e8-747e-efef0cd644a3">
      <Execution id="92466a46-307e-4501-bf6a-3f30c664c9c9" />
      <TestMethod codeBase="E:/Users/raphael.cruzeiro/Documents/Projects/open/Web.Generics/Web.Generics.Tests/bin/Debug/Web.Generics.Tests.DLL" adapterTypeName="Microsoft.VisualStudio.TestTools.TestTypes.Unit.UnitTestAdapter, Microsoft.VisualStudio.QualityTools.Tips.UnitTest.Adapter, Version=10.0.0.0, Culture=neutral, PublicKeyToken=b03f5f7f11d50a3a" className="Web.Generics.Tests.UserInterface.GridTests, Web.Generics.Tests, Version=1.0.0.0, Culture=neutral, PublicKeyToken=null" name="Create_gridcolumns_3_items" />
    </UnitTest>
    <UnitTest name="Default_sortinginfo_is_null_property_ascending_with_sorting_disabled" storage="e:\users\raphael.cruzeiro\documents\projects\open\web.generics\web.generics.tests\bin\debug\web.generics.tests.dll" id="20883c91-712f-7bd9-84c5-0e6b4f0b789d">
      <Execution id="4124c658-5eba-4038-ac40-76837dd7ab4a" />
      <TestMethod codeBase="E:/Users/raphael.cruzeiro/Documents/Projects/open/Web.Generics/Web.Generics.Tests/bin/Debug/Web.Generics.Tests.DLL" adapterTypeName="Microsoft.VisualStudio.TestTools.TestTypes.Unit.UnitTestAdapter, Microsoft.VisualStudio.QualityTools.Tips.UnitTest.Adapter, Version=10.0.0.0, Culture=neutral, PublicKeyToken=b03f5f7f11d50a3a" className="Web.Generics.Tests.UserInterface.Given_a_repository_with_7_elements, Web.Generics.Tests, Version=1.0.0.0, Culture=neutral, PublicKeyToken=null" name="Default_sortinginfo_is_null_property_ascending_with_sorting_disabled" />
    </UnitTest>
    <UnitTest name="All_null_parameters_brings_all_values" storage="e:\users\raphael.cruzeiro\documents\projects\open\web.generics\web.generics.tests\bin\debug\web.generics.tests.dll" id="6d4cc1b8-84b5-98a2-bb17-b334fc688462">
      <Execution id="04d14da9-eaf4-4d51-b364-a891d0a203c4" />
      <TestMethod codeBase="E:/Users/raphael.cruzeiro/Documents/Projects/open/Web.Generics/Web.Generics.Tests/bin/Debug/Web.Generics.Tests.DLL" adapterTypeName="Microsoft.VisualStudio.TestTools.TestTypes.Unit.UnitTestAdapter, Microsoft.VisualStudio.QualityTools.Tips.UnitTest.Adapter, Version=10.0.0.0, Culture=neutral, PublicKeyToken=b03f5f7f11d50a3a" className="Web.Generics.Tests.UserInterface.Given_a_repository_with_7_elements, Web.Generics.Tests, Version=1.0.0.0, Culture=neutral, PublicKeyToken=null" name="All_null_parameters_brings_all_values" />
    </UnitTest>
    <UnitTest name="Register_with_existing_email_returns_ExistingEmail_state" storage="e:\users\raphael.cruzeiro\documents\projects\open\web.generics\web.generics.tests\bin\debug\web.generics.tests.dll" id="36f43dad-d2ef-5589-a0ea-a16f2f206188">
      <Execution id="226926e6-cbea-46b9-b946-ce4755ef0be0" />
      <TestMethod codeBase="E:/Users/raphael.cruzeiro/Documents/Projects/open/Web.Generics/Web.Generics.Tests/bin/Debug/Web.Generics.Tests.DLL" adapterTypeName="Microsoft.VisualStudio.TestTools.TestTypes.Unit.UnitTestAdapter, Microsoft.VisualStudio.QualityTools.Tips.UnitTest.Adapter, Version=10.0.0.0, Culture=neutral, PublicKeyToken=b03f5f7f11d50a3a" className="Web.Generics.Tests.Authentication.MembershipServicesTests, Web.Generics.Tests, Version=1.0.0.0, Culture=neutral, PublicKeyToken=null" name="Register_with_existing_email_returns_ExistingEmail_state" />
    </UnitTest>
    <UnitTest name="Validate_non_existing_user_returns_false" storage="e:\users\raphael.cruzeiro\documents\projects\open\web.generics\web.generics.tests\bin\debug\web.generics.tests.dll" id="08764d60-9337-470b-c9d5-3d67f1bc6ade">
      <Execution id="17c410bd-fafe-48f8-8b85-113d0b6cb632" />
      <TestMethod codeBase="E:/Users/raphael.cruzeiro/Documents/Projects/open/Web.Generics/Web.Generics.Tests/bin/Debug/Web.Generics.Tests.DLL" adapterTypeName="Microsoft.VisualStudio.TestTools.TestTypes.Unit.UnitTestAdapter, Microsoft.VisualStudio.QualityTools.Tips.UnitTest.Adapter, Version=10.0.0.0, Culture=neutral, PublicKeyToken=b03f5f7f11d50a3a" className="Web.Generics.Tests.Authentication.MembershipServicesTests, Web.Generics.Tests, Version=1.0.0.0, Culture=neutral, PublicKeyToken=null" name="Validate_non_existing_user_returns_false" />
    </UnitTest>
    <UnitTest name="InsertPostWithNewTagsAndComments" storage="e:\users\raphael.cruzeiro\documents\projects\open\web.generics\web.generics.tests\bin\debug\web.generics.tests.dll" id="ca9b6d7d-c72c-ffd4-9266-ae65f3adb659">
      <Execution id="f0d0e27d-04bb-45a6-afdd-fd048b837a06" />
      <TestMethod codeBase="E:/Users/raphael.cruzeiro/Documents/Projects/open/Web.Generics/Web.Generics.Tests/bin/Debug/Web.Generics.Tests.DLL" adapterTypeName="Microsoft.VisualStudio.TestTools.TestTypes.Unit.UnitTestAdapter, Microsoft.VisualStudio.QualityTools.Tips.UnitTest.Adapter, Version=10.0.0.0, Culture=neutral, PublicKeyToken=b03f5f7f11d50a3a" className="Web.Generics.Tests.Infrastructure_Repository_Tests, Web.Generics.Tests, Version=1.0.0.0, Culture=neutral, PublicKeyToken=null" name="InsertPostWithNewTagsAndComments" />
    </UnitTest>
    <UnitTest name="Create_gridcolumns_2_items" storage="e:\users\raphael.cruzeiro\documents\projects\open\web.generics\web.generics.tests\bin\debug\web.generics.tests.dll" id="cb3eda27-b10b-b25b-3e1c-155f0c451f45">
      <Execution id="91f51043-afa3-4df8-9690-952932885d8b" />
      <TestMethod codeBase="E:/Users/raphael.cruzeiro/Documents/Projects/open/Web.Generics/Web.Generics.Tests/bin/Debug/Web.Generics.Tests.DLL" adapterTypeName="Microsoft.VisualStudio.TestTools.TestTypes.Unit.UnitTestAdapter, Microsoft.VisualStudio.QualityTools.Tips.UnitTest.Adapter, Version=10.0.0.0, Culture=neutral, PublicKeyToken=b03f5f7f11d50a3a" className="Web.Generics.Tests.UserInterface.GridTests, Web.Generics.Tests, Version=1.0.0.0, Culture=neutral, PublicKeyToken=null" name="Create_gridcolumns_2_items" />
    </UnitTest>
    <UnitTest name="GenerateValidationKey_for_existing_email_generates_key_and_returns_it" storage="e:\users\raphael.cruzeiro\documents\projects\open\web.generics\web.generics.tests\bin\debug\web.generics.tests.dll" id="432241a0-da4c-fbc6-a453-14729eff3388">
      <Execution id="1f238d4e-2af3-4deb-aa9b-797127b890cd" />
      <TestMethod codeBase="E:/Users/raphael.cruzeiro/Documents/Projects/open/Web.Generics/Web.Generics.Tests/bin/Debug/Web.Generics.Tests.DLL" adapterTypeName="Microsoft.VisualStudio.TestTools.TestTypes.Unit.UnitTestAdapter, Microsoft.VisualStudio.QualityTools.Tips.UnitTest.Adapter, Version=10.0.0.0, Culture=neutral, PublicKeyToken=b03f5f7f11d50a3a" className="Web.Generics.Tests.Authentication.MembershipServicesTests, Web.Generics.Tests, Version=1.0.0.0, Culture=neutral, PublicKeyToken=null" name="GenerateValidationKey_for_existing_email_generates_key_and_returns_it" />
    </UnitTest>
    <UnitTest name="Register_with_existing_username_returns_ExistingUsername_state" storage="e:\users\raphael.cruzeiro\documents\projects\open\web.generics\web.generics.tests\bin\debug\web.generics.tests.dll" id="32bcb943-d87d-582b-883d-16c950347d82">
      <Execution id="46619df1-5f23-4a14-82ab-63262c6231bb" />
      <TestMethod codeBase="E:/Users/raphael.cruzeiro/Documents/Projects/open/Web.Generics/Web.Generics.Tests/bin/Debug/Web.Generics.Tests.DLL" adapterTypeName="Microsoft.VisualStudio.TestTools.TestTypes.Unit.UnitTestAdapter, Microsoft.VisualStudio.QualityTools.Tips.UnitTest.Adapter, Version=10.0.0.0, Culture=neutral, PublicKeyToken=b03f5f7f11d50a3a" className="Web.Generics.Tests.Authentication.MembershipServicesTests, Web.Generics.Tests, Version=1.0.0.0, Culture=neutral, PublicKeyToken=null" name="Register_with_existing_username_returns_ExistingUsername_state" />
    </UnitTest>
    <UnitTest name="Add_Comment_In_Post" storage="e:\users\raphael.cruzeiro\documents\projects\open\web.generics\web.generics.tests\bin\debug\web.generics.tests.dll" id="b4297581-ff1b-3999-5fd8-95b6036938c0">
      <Execution id="07b35a2a-f53b-45cc-9a3c-0d14cec4613e" />
      <TestMethod codeBase="E:/Users/raphael.cruzeiro/Documents/Projects/open/Web.Generics/Web.Generics.Tests/bin/Debug/Web.Generics.Tests.DLL" adapterTypeName="Microsoft.VisualStudio.TestTools.TestTypes.Unit.UnitTestAdapter, Microsoft.VisualStudio.QualityTools.Tips.UnitTest.Adapter, Version=10.0.0.0, Culture=neutral, PublicKeyToken=b03f5f7f11d50a3a" className="Inspira.Blog.Tests.Blog_Services, Web.Generics.Tests, Version=1.0.0.0, Culture=neutral, PublicKeyToken=null" name="Add_Comment_In_Post" />
    </UnitTest>
    <UnitTest name="InsertPostWithNullableProperty" storage="e:\users\raphael.cruzeiro\documents\projects\open\web.generics\web.generics.tests\bin\debug\web.generics.tests.dll" id="afec351d-c5bd-e807-4f9f-6c708da25c8f">
      <Execution id="0f122035-452c-40b4-8120-76a75261a665" />
      <TestMethod codeBase="E:/Users/raphael.cruzeiro/Documents/Projects/open/Web.Generics/Web.Generics.Tests/bin/Debug/Web.Generics.Tests.DLL" adapterTypeName="Microsoft.VisualStudio.TestTools.TestTypes.Unit.UnitTestAdapter, Microsoft.VisualStudio.QualityTools.Tips.UnitTest.Adapter, Version=10.0.0.0, Culture=neutral, PublicKeyToken=b03f5f7f11d50a3a" className="Web.Generics.Tests.Infrastructure_Repository_Tests, Web.Generics.Tests, Version=1.0.0.0, Culture=neutral, PublicKeyToken=null" name="InsertPostWithNullableProperty" />
    </UnitTest>
    <UnitTest name="List_Posts_By_Date_Range" storage="e:\users\raphael.cruzeiro\documents\projects\open\web.generics\web.generics.tests\bin\debug\web.generics.tests.dll" id="8aafd531-d21c-00a8-ee90-e1b37e3a3694">
      <Execution id="15113853-a35f-4a07-96be-71d084209706" />
      <TestMethod codeBase="E:/Users/raphael.cruzeiro/Documents/Projects/open/Web.Generics/Web.Generics.Tests/bin/Debug/Web.Generics.Tests.DLL" adapterTypeName="Microsoft.VisualStudio.TestTools.TestTypes.Unit.UnitTestAdapter, Microsoft.VisualStudio.QualityTools.Tips.UnitTest.Adapter, Version=10.0.0.0, Culture=neutral, PublicKeyToken=b03f5f7f11d50a3a" className="Inspira.Blog.Tests.Blog_Services, Web.Generics.Tests, Version=1.0.0.0, Culture=neutral, PublicKeyToken=null" name="List_Posts_By_Date_Range" />
    </UnitTest>
    <UnitTest name="Create_gridcolumns_0_items" storage="e:\users\raphael.cruzeiro\documents\projects\open\web.generics\web.generics.tests\bin\debug\web.generics.tests.dll" id="29cde594-6aec-d68e-3857-7a4b9d282a2c">
      <Execution id="e963640d-326b-4140-9e80-700ebe27d36b" />
      <TestMethod codeBase="E:/Users/raphael.cruzeiro/Documents/Projects/open/Web.Generics/Web.Generics.Tests/bin/Debug/Web.Generics.Tests.DLL" adapterTypeName="Microsoft.VisualStudio.TestTools.TestTypes.Unit.UnitTestAdapter, Microsoft.VisualStudio.QualityTools.Tips.UnitTest.Adapter, Version=10.0.0.0, Culture=neutral, PublicKeyToken=b03f5f7f11d50a3a" className="Web.Generics.Tests.UserInterface.GridTests, Web.Generics.Tests, Version=1.0.0.0, Culture=neutral, PublicKeyToken=null" name="Create_gridcolumns_0_items" />
    </UnitTest>
    <UnitTest name="Resolve_Controller_With_Specific_Controller_And_ViewModel" storage="e:\users\raphael.cruzeiro\documents\projects\open\web.generics\web.generics.tests\bin\debug\web.generics.tests.dll" id="e7a87bf2-4851-5b1c-7df0-92fdcafd03ca">
      <Execution id="ead89109-8bf0-40e8-a936-b941e7847e76" />
      <TestMethod codeBase="E:/Users/raphael.cruzeiro/Documents/Projects/open/Web.Generics/Web.Generics.Tests/bin/Debug/Web.Generics.Tests.DLL" adapterTypeName="Microsoft.VisualStudio.TestTools.TestTypes.Unit.UnitTestAdapter, Microsoft.VisualStudio.QualityTools.Tips.UnitTest.Adapter, Version=10.0.0.0, Culture=neutral, PublicKeyToken=b03f5f7f11d50a3a" className="Web.Generics.Tests.Infrastructure_InversionOfControl_Tests, Web.Generics.Tests, Version=1.0.0.0, Culture=neutral, PublicKeyToken=null" name="Resolve_Controller_With_Specific_Controller_And_ViewModel" />
    </UnitTest>
    <UnitTest name="Admin_changing_password_with_valid_new_password_returns_Success" storage="e:\users\raphael.cruzeiro\documents\projects\open\web.generics\web.generics.tests\bin\debug\web.generics.tests.dll" id="32799526-a780-07c0-3298-5cb494a724b2">
      <Execution id="db63a510-081d-4a10-a35e-e99bf154eb8c" />
      <TestMethod codeBase="E:/Users/raphael.cruzeiro/Documents/Projects/open/Web.Generics/Web.Generics.Tests/bin/Debug/Web.Generics.Tests.DLL" adapterTypeName="Microsoft.VisualStudio.TestTools.TestTypes.Unit.UnitTestAdapter, Microsoft.VisualStudio.QualityTools.Tips.UnitTest.Adapter, Version=10.0.0.0, Culture=neutral, PublicKeyToken=b03f5f7f11d50a3a" className="Web.Generics.Tests.Authentication.MembershipServicesTests, Web.Generics.Tests, Version=1.0.0.0, Culture=neutral, PublicKeyToken=null" name="Admin_changing_password_with_valid_new_password_returns_Success" />
    </UnitTest>
    <UnitTest name="Insert_child_does_not_load_children_v2" storage="e:\users\raphael.cruzeiro\documents\projects\open\web.generics\web.generics.tests\bin\debug\web.generics.tests.dll" id="aac57191-7373-4d93-174a-e11b361b9a1b">
      <Execution id="5b756edd-c043-468a-a0e1-95b4ff5c45bc" />
      <TestMethod codeBase="E:/Users/raphael.cruzeiro/Documents/Projects/open/Web.Generics/Web.Generics.Tests/bin/Debug/Web.Generics.Tests.DLL" adapterTypeName="Microsoft.VisualStudio.TestTools.TestTypes.Unit.UnitTestAdapter, Microsoft.VisualStudio.QualityTools.Tips.UnitTest.Adapter, Version=10.0.0.0, Culture=neutral, PublicKeyToken=b03f5f7f11d50a3a" className="Web.Generics.Tests.NHibernateSessionTests, Web.Generics.Tests, Version=1.0.0.0, Culture=neutral, PublicKeyToken=null" name="Insert_child_does_not_load_children_v2" />
    </UnitTest>
    <UnitTest name="Register_with_invalid_data_returns_invalid_state" storage="e:\users\raphael.cruzeiro\documents\projects\open\web.generics\web.generics.tests\bin\debug\web.generics.tests.dll" id="57c1a421-0826-0f23-36c0-8fc7bea8850e">
      <Execution id="b06a06ad-9fbd-4bca-b397-8b13390ad5ba" />
      <TestMethod codeBase="E:/Users/raphael.cruzeiro/Documents/Projects/open/Web.Generics/Web.Generics.Tests/bin/Debug/Web.Generics.Tests.DLL" adapterTypeName="Microsoft.VisualStudio.TestTools.TestTypes.Unit.UnitTestAdapter, Microsoft.VisualStudio.QualityTools.Tips.UnitTest.Adapter, Version=10.0.0.0, Culture=neutral, PublicKeyToken=b03f5f7f11d50a3a" className="Web.Generics.Tests.Authentication.MembershipServicesTests, Web.Generics.Tests, Version=1.0.0.0, Culture=neutral, PublicKeyToken=null" name="Register_with_invalid_data_returns_invalid_state" />
    </UnitTest>
    <UnitTest name="Search_with_null_parameters_must_return_all_7_rows" storage="e:\users\raphael.cruzeiro\documents\projects\open\web.generics\web.generics.tests\bin\debug\web.generics.tests.dll" id="168fbeca-bfc1-581c-b9ec-3c4572d00ed1">
      <Execution id="d8028c69-55c9-4180-a504-96635576023f" />
      <TestMethod codeBase="E:/Users/raphael.cruzeiro/Documents/Projects/open/Web.Generics/Web.Generics.Tests/bin/Debug/Web.Generics.Tests.DLL" adapterTypeName="Microsoft.VisualStudio.TestTools.TestTypes.Unit.UnitTestAdapter, Microsoft.VisualStudio.QualityTools.Tips.UnitTest.Adapter, Version=10.0.0.0, Culture=neutral, PublicKeyToken=b03f5f7f11d50a3a" className="Web.Generics.Tests.UserInterface.Given_a_repository_with_7_elements, Web.Generics.Tests, Version=1.0.0.0, Culture=neutral, PublicKeyToken=null" name="Search_with_null_parameters_must_return_all_7_rows" />
    </UnitTest>
    <UnitTest name="Validate_existing_user_with_incorrect_password_returns_false" storage="e:\users\raphael.cruzeiro\documents\projects\open\web.generics\web.generics.tests\bin\debug\web.generics.tests.dll" id="fff7fde5-aa39-2877-3bc5-50f06ba7731e">
      <Execution id="6a77cf2f-488e-49d1-876a-9ff88d6f19cd" />
      <TestMethod codeBase="E:/Users/raphael.cruzeiro/Documents/Projects/open/Web.Generics/Web.Generics.Tests/bin/Debug/Web.Generics.Tests.DLL" adapterTypeName="Microsoft.VisualStudio.TestTools.TestTypes.Unit.UnitTestAdapter, Microsoft.VisualStudio.QualityTools.Tips.UnitTest.Adapter, Version=10.0.0.0, Culture=neutral, PublicKeyToken=b03f5f7f11d50a3a" className="Web.Generics.Tests.Authentication.MembershipServicesTests, Web.Generics.Tests, Version=1.0.0.0, Culture=neutral, PublicKeyToken=null" name="Validate_existing_user_with_incorrect_password_returns_false" />
    </UnitTest>
    <UnitTest name="Create_gridcolumns_4_items" storage="e:\users\raphael.cruzeiro\documents\projects\open\web.generics\web.generics.tests\bin\debug\web.generics.tests.dll" id="66c54571-61e8-ed34-7b37-ad9ef9e40030">
      <Execution id="9a9b7568-ff02-425b-8dca-6545317a4c23" />
      <TestMethod codeBase="E:/Users/raphael.cruzeiro/Documents/Projects/open/Web.Generics/Web.Generics.Tests/bin/Debug/Web.Generics.Tests.DLL" adapterTypeName="Microsoft.VisualStudio.TestTools.TestTypes.Unit.UnitTestAdapter, Microsoft.VisualStudio.QualityTools.Tips.UnitTest.Adapter, Version=10.0.0.0, Culture=neutral, PublicKeyToken=b03f5f7f11d50a3a" className="Web.Generics.Tests.UserInterface.GridTests, Web.Generics.Tests, Version=1.0.0.0, Culture=neutral, PublicKeyToken=null" name="Create_gridcolumns_4_items" />
    </UnitTest>
    <UnitTest name="Resolve_With_Chaining" storage="e:\users\raphael.cruzeiro\documents\projects\open\web.generics\web.generics.tests\bin\debug\web.generics.tests.dll" id="ef70adab-cbca-46bf-0d19-52da0a032597">
      <Execution id="d5721e49-c2b8-4d63-9c90-9ec042c1c163" />
      <TestMethod codeBase="E:/Users/raphael.cruzeiro/Documents/Projects/open/Web.Generics/Web.Generics.Tests/bin/Debug/Web.Generics.Tests.DLL" adapterTypeName="Microsoft.VisualStudio.TestTools.TestTypes.Unit.UnitTestAdapter, Microsoft.VisualStudio.QualityTools.Tips.UnitTest.Adapter, Version=10.0.0.0, Culture=neutral, PublicKeyToken=b03f5f7f11d50a3a" className="Web.Generics.Tests.Infrastructure_InversionOfControl_Tests, Web.Generics.Tests, Version=1.0.0.0, Culture=neutral, PublicKeyToken=null" name="Resolve_With_Chaining" />
    </UnitTest>
    <UnitTest name="Log" storage="e:\users\raphael.cruzeiro\documents\projects\open\web.generics\web.generics.tests\bin\debug\web.generics.tests.dll" id="3dd40f28-a6cf-b821-cc15-2eeb654b586d">
      <Execution id="3b354a1d-e2d7-41e2-872c-bf03d82f94f5" />
      <TestMethod codeBase="E:/Users/raphael.cruzeiro/Documents/Projects/open/Web.Generics/Web.Generics.Tests/bin/Debug/Web.Generics.Tests.DLL" adapterTypeName="Microsoft.VisualStudio.TestTools.TestTypes.Unit.UnitTestAdapter, Microsoft.VisualStudio.QualityTools.Tips.UnitTest.Adapter, Version=10.0.0.0, Culture=neutral, PublicKeyToken=b03f5f7f11d50a3a" className="Web.Generics.Tests.Infrastructure_Logging_Tests, Web.Generics.Tests, Version=1.0.0.0, Culture=neutral, PublicKeyToken=null" name="Log" />
    </UnitTest>
    <UnitTest name="Resolve_Controller_With_Generic_Controller_And_Specific_ViewModel" storage="e:\users\raphael.cruzeiro\documents\projects\open\web.generics\web.generics.tests\bin\debug\web.generics.tests.dll" id="700866d8-e2eb-49cb-74d4-1ae85ea12f69">
      <Execution id="cfeee883-36bd-4f00-b194-e91dc210c73f" />
      <TestMethod codeBase="E:/Users/raphael.cruzeiro/Documents/Projects/open/Web.Generics/Web.Generics.Tests/bin/Debug/Web.Generics.Tests.DLL" adapterTypeName="Microsoft.VisualStudio.TestTools.TestTypes.Unit.UnitTestAdapter, Microsoft.VisualStudio.QualityTools.Tips.UnitTest.Adapter, Version=10.0.0.0, Culture=neutral, PublicKeyToken=b03f5f7f11d50a3a" className="Web.Generics.Tests.Infrastructure_InversionOfControl_Tests, Web.Generics.Tests, Version=1.0.0.0, Culture=neutral, PublicKeyToken=null" name="Resolve_Controller_With_Generic_Controller_And_Specific_ViewModel" />
    </UnitTest>
    <UnitTest name="SelectWithLambdaExpressions" storage="e:\users\raphael.cruzeiro\documents\projects\open\web.generics\web.generics.tests\bin\debug\web.generics.tests.dll" id="e8e3591b-e3ff-7a0c-2871-7ffb31567b9f">
      <Execution id="74e950bf-9640-4b34-984f-bf428cb1539a" />
      <TestMethod codeBase="E:/Users/raphael.cruzeiro/Documents/Projects/open/Web.Generics/Web.Generics.Tests/bin/Debug/Web.Generics.Tests.DLL" adapterTypeName="Microsoft.VisualStudio.TestTools.TestTypes.Unit.UnitTestAdapter, Microsoft.VisualStudio.QualityTools.Tips.UnitTest.Adapter, Version=10.0.0.0, Culture=neutral, PublicKeyToken=b03f5f7f11d50a3a" className="Web.Generics.Tests.Infrastructure_Repository_Tests, Web.Generics.Tests, Version=1.0.0.0, Culture=neutral, PublicKeyToken=null" name="SelectWithLambdaExpressions" />
    </UnitTest>
    <UnitTest name="Validate_existing_user_with_correct_password_returns_true" storage="e:\users\raphael.cruzeiro\documents\projects\open\web.generics\web.generics.tests\bin\debug\web.generics.tests.dll" id="0cc02efb-c97e-ea3e-3271-59d2c276e278">
      <Execution id="e8dbf60c-1269-4786-aed1-d5493cbfc04f" />
      <TestMethod codeBase="E:/Users/raphael.cruzeiro/Documents/Projects/open/Web.Generics/Web.Generics.Tests/bin/Debug/Web.Generics.Tests.DLL" adapterTypeName="Microsoft.VisualStudio.TestTools.TestTypes.Unit.UnitTestAdapter, Microsoft.VisualStudio.QualityTools.Tips.UnitTest.Adapter, Version=10.0.0.0, Culture=neutral, PublicKeyToken=b03f5f7f11d50a3a" className="Web.Generics.Tests.Authentication.MembershipServicesTests, Web.Generics.Tests, Version=1.0.0.0, Culture=neutral, PublicKeyToken=null" name="Validate_existing_user_with_correct_password_returns_true" />
    </UnitTest>
    <UnitTest name="Register_with_null_data_throws_argumentnullexception" storage="e:\users\raphael.cruzeiro\documents\projects\open\web.generics\web.generics.tests\bin\debug\web.generics.tests.dll" id="f706643b-9f9f-e05f-ab65-95347000f26f">
      <Execution id="185f2379-8969-4903-ba99-4f9950af2763" />
      <TestMethod codeBase="E:/Users/raphael.cruzeiro/Documents/Projects/open/Web.Generics/Web.Generics.Tests/bin/Debug/Web.Generics.Tests.DLL" adapterTypeName="Microsoft.VisualStudio.TestTools.TestTypes.Unit.UnitTestAdapter, Microsoft.VisualStudio.QualityTools.Tips.UnitTest.Adapter, Version=10.0.0.0, Culture=neutral, PublicKeyToken=b03f5f7f11d50a3a" className="Web.Generics.Tests.Authentication.MembershipServicesTests, Web.Generics.Tests, Version=1.0.0.0, Culture=neutral, PublicKeyToken=null" name="Register_with_null_data_throws_argumentnullexception" />
    </UnitTest>
    <UnitTest name="Paging" storage="e:\users\raphael.cruzeiro\documents\projects\open\web.generics\web.generics.tests\bin\debug\web.generics.tests.dll" id="6631986b-0730-1229-232f-35d009da40d6">
      <Execution id="433d9b63-b039-485b-9122-9baa0328dee7" />
      <TestMethod codeBase="E:/Users/raphael.cruzeiro/Documents/Projects/open/Web.Generics/Web.Generics.Tests/bin/Debug/Web.Generics.Tests.DLL" adapterTypeName="Microsoft.VisualStudio.TestTools.TestTypes.Unit.UnitTestAdapter, Microsoft.VisualStudio.QualityTools.Tips.UnitTest.Adapter, Version=10.0.0.0, Culture=neutral, PublicKeyToken=b03f5f7f11d50a3a" className="Web.Generics.Tests.UserInterface_Grids, Web.Generics.Tests, Version=1.0.0.0, Culture=neutral, PublicKeyToken=null" name="Paging" />
    </UnitTest>
    <UnitTest name="Register_with_null_role_throws_argumentNullException" storage="e:\users\raphael.cruzeiro\documents\projects\open\web.generics\web.generics.tests\bin\debug\web.generics.tests.dll" id="a8222d24-072c-d71d-3bd0-b76b0e3f4666">
      <Execution id="d6677fc5-0807-4aff-9ee2-310fc5a0043c" />
      <TestMethod codeBase="E:/Users/raphael.cruzeiro/Documents/Projects/open/Web.Generics/Web.Generics.Tests/bin/Debug/Web.Generics.Tests.DLL" adapterTypeName="Microsoft.VisualStudio.TestTools.TestTypes.Unit.UnitTestAdapter, Microsoft.VisualStudio.QualityTools.Tips.UnitTest.Adapter, Version=10.0.0.0, Culture=neutral, PublicKeyToken=b03f5f7f11d50a3a" className="Web.Generics.Tests.Authentication.MembershipServicesTests, Web.Generics.Tests, Version=1.0.0.0, Culture=neutral, PublicKeyToken=null" name="Register_with_null_role_throws_argumentNullException" />
    </UnitTest>
    <UnitTest name="Log_With_Aspect" storage="e:\users\raphael.cruzeiro\documents\projects\open\web.generics\web.generics.tests\bin\debug\web.generics.tests.dll" id="b6819492-f9db-dcf2-0ded-3161c5b9aa32">
      <Execution id="6fcce391-8d16-4f85-a742-9e95968989b6" />
      <TestMethod codeBase="E:/Users/raphael.cruzeiro/Documents/Projects/open/Web.Generics/Web.Generics.Tests/bin/Debug/Web.Generics.Tests.DLL" adapterTypeName="Microsoft.VisualStudio.TestTools.TestTypes.Unit.UnitTestAdapter, Microsoft.VisualStudio.QualityTools.Tips.UnitTest.Adapter, Version=10.0.0.0, Culture=neutral, PublicKeyToken=b03f5f7f11d50a3a" className="Web.Generics.Tests.Infrastructure_Logging_Tests, Web.Generics.Tests, Version=1.0.0.0, Culture=neutral, PublicKeyToken=null" name="Log_With_Aspect" />
    </UnitTest>
    <UnitTest name="Register_with_valid_data_inserts_user_into_database_and_returns_success" storage="e:\users\raphael.cruzeiro\documents\projects\open\web.generics\web.generics.tests\bin\debug\web.generics.tests.dll" id="c5c2e3d8-1b24-09f0-43aa-e4693e886451">
      <Execution id="1ec8062e-7832-40d0-bb3a-6565a3a17a59" />
      <TestMethod codeBase="E:/Users/raphael.cruzeiro/Documents/Projects/open/Web.Generics/Web.Generics.Tests/bin/Debug/Web.Generics.Tests.DLL" adapterTypeName="Microsoft.VisualStudio.TestTools.TestTypes.Unit.UnitTestAdapter, Microsoft.VisualStudio.QualityTools.Tips.UnitTest.Adapter, Version=10.0.0.0, Culture=neutral, PublicKeyToken=b03f5f7f11d50a3a" className="Web.Generics.Tests.Authentication.MembershipServicesTests, Web.Generics.Tests, Version=1.0.0.0, Culture=neutral, PublicKeyToken=null" name="Register_with_valid_data_inserts_user_into_database_and_returns_success" />
    </UnitTest>
    <UnitTest name="Default_paginginfo_is_pageindex_1_and_pagesize_10_with_paging_disabled" storage="e:\users\raphael.cruzeiro\documents\projects\open\web.generics\web.generics.tests\bin\debug\web.generics.tests.dll" id="a7821dd2-9252-958d-d6a8-4c25750f0215">
      <Execution id="34fb1b2d-5ec5-4c2c-a52d-9721e7c29694" />
      <TestMethod codeBase="E:/Users/raphael.cruzeiro/Documents/Projects/open/Web.Generics/Web.Generics.Tests/bin/Debug/Web.Generics.Tests.DLL" adapterTypeName="Microsoft.VisualStudio.TestTools.TestTypes.Unit.UnitTestAdapter, Microsoft.VisualStudio.QualityTools.Tips.UnitTest.Adapter, Version=10.0.0.0, Culture=neutral, PublicKeyToken=b03f5f7f11d50a3a" className="Web.Generics.Tests.UserInterface.Given_a_repository_with_7_elements, Web.Generics.Tests, Version=1.0.0.0, Culture=neutral, PublicKeyToken=null" name="Default_paginginfo_is_pageindex_1_and_pagesize_10_with_paging_disabled" />
    </UnitTest>
    <UnitTest name="Insert_child_does_not_load_children" storage="e:\users\raphael.cruzeiro\documents\projects\open\web.generics\web.generics.tests\bin\debug\web.generics.tests.dll" id="1e6af77b-1d3b-9555-806e-265331e477a5">
      <Execution id="83fc34cf-b73e-4bcc-92b7-d0f810a47d84" />
      <TestMethod codeBase="E:/Users/raphael.cruzeiro/Documents/Projects/open/Web.Generics/Web.Generics.Tests/bin/Debug/Web.Generics.Tests.DLL" adapterTypeName="Microsoft.VisualStudio.TestTools.TestTypes.Unit.UnitTestAdapter, Microsoft.VisualStudio.QualityTools.Tips.UnitTest.Adapter, Version=10.0.0.0, Culture=neutral, PublicKeyToken=b03f5f7f11d50a3a" className="Web.Generics.Tests.NHibernateSessionTests, Web.Generics.Tests, Version=1.0.0.0, Culture=neutral, PublicKeyToken=null" name="Insert_child_does_not_load_children" />
    </UnitTest>
    <UnitTest name="Pagesize_10_and_pageindex_1_must_return_7_rows" storage="e:\users\raphael.cruzeiro\documents\projects\open\web.generics\web.generics.tests\bin\debug\web.generics.tests.dll" id="2bbbf406-154d-cfeb-98b8-963991468c1d">
      <Execution id="73008107-afce-4ea3-b7f4-c0a248a4fa87" />
      <TestMethod codeBase="E:/Users/raphael.cruzeiro/Documents/Projects/open/Web.Generics/Web.Generics.Tests/bin/Debug/Web.Generics.Tests.DLL" adapterTypeName="Microsoft.VisualStudio.TestTools.TestTypes.Unit.UnitTestAdapter, Microsoft.VisualStudio.QualityTools.Tips.UnitTest.Adapter, Version=10.0.0.0, Culture=neutral, PublicKeyToken=b03f5f7f11d50a3a" className="Web.Generics.Tests.UserInterface.Given_a_repository_with_7_elements, Web.Generics.Tests, Version=1.0.0.0, Culture=neutral, PublicKeyToken=null" name="Pagesize_10_and_pageindex_1_must_return_7_rows" />
    </UnitTest>
    <UnitTest name="InsertPostWithExistingTagsAndComments" storage="e:\users\raphael.cruzeiro\documents\projects\open\web.generics\web.generics.tests\bin\debug\web.generics.tests.dll" id="a2c49a2b-d39d-2796-5d55-e3bc20513b27">
      <Execution id="67bd47c9-e4ce-43dd-9bcc-e422c189d969" />
      <TestMethod codeBase="E:/Users/raphael.cruzeiro/Documents/Projects/open/Web.Generics/Web.Generics.Tests/bin/Debug/Web.Generics.Tests.DLL" adapterTypeName="Microsoft.VisualStudio.TestTools.TestTypes.Unit.UnitTestAdapter, Microsoft.VisualStudio.QualityTools.Tips.UnitTest.Adapter, Version=10.0.0.0, Culture=neutral, PublicKeyToken=b03f5f7f11d50a3a" className="Web.Generics.Tests.Infrastructure_Repository_Tests, Web.Generics.Tests, Version=1.0.0.0, Culture=neutral, PublicKeyToken=null" name="InsertPostWithExistingTagsAndComments" />
    </UnitTest>
    <UnitTest name="Pagesize_10_and_pageindex_2_must_yield_page_1" storage="e:\users\raphael.cruzeiro\documents\projects\open\web.generics\web.generics.tests\bin\debug\web.generics.tests.dll" id="4e379a55-99f6-73bf-d87b-986cf08e255e">
      <Execution id="a44f10ac-2ed0-42c2-b90c-155c4f272ed1" />
      <TestMethod codeBase="E:/Users/raphael.cruzeiro/Documents/Projects/open/Web.Generics/Web.Generics.Tests/bin/Debug/Web.Generics.Tests.DLL" adapterTypeName="Microsoft.VisualStudio.TestTools.TestTypes.Unit.UnitTestAdapter, Microsoft.VisualStudio.QualityTools.Tips.UnitTest.Adapter, Version=10.0.0.0, Culture=neutral, PublicKeyToken=b03f5f7f11d50a3a" className="Web.Generics.Tests.UserInterface.Given_a_repository_with_7_elements, Web.Generics.Tests, Version=1.0.0.0, Culture=neutral, PublicKeyToken=null" name="Pagesize_10_and_pageindex_2_must_yield_page_1" />
    </UnitTest>
    <UnitTest name="Pagesize_2_and_pageindex_2_order_by_ID_asc_yields_ids_3_and_4" storage="e:\users\raphael.cruzeiro\documents\projects\open\web.generics\web.generics.tests\bin\debug\web.generics.tests.dll" id="373d2bfa-dc22-934f-5046-20f337ec11ab">
      <Execution id="d11f52c4-1b72-414d-9f1a-bf257116f434" />
      <TestMethod codeBase="E:/Users/raphael.cruzeiro/Documents/Projects/open/Web.Generics/Web.Generics.Tests/bin/Debug/Web.Generics.Tests.DLL" adapterTypeName="Microsoft.VisualStudio.TestTools.TestTypes.Unit.UnitTestAdapter, Microsoft.VisualStudio.QualityTools.Tips.UnitTest.Adapter, Version=10.0.0.0, Culture=neutral, PublicKeyToken=b03f5f7f11d50a3a" className="Web.Generics.Tests.UserInterface.Given_a_repository_with_7_elements, Web.Generics.Tests, Version=1.0.0.0, Culture=neutral, PublicKeyToken=null" name="Pagesize_2_and_pageindex_2_order_by_ID_asc_yields_ids_3_and_4" />
    </UnitTest>
    <UnitTest name="User_changing_password_with_correct_password_and_valid_new_password_returns_success" storage="e:\users\raphael.cruzeiro\documents\projects\open\web.generics\web.generics.tests\bin\debug\web.generics.tests.dll" id="ecfad25d-faaa-fe1a-4b04-cd16862ed8d3">
      <Execution id="fd0f3221-ea39-435e-b49c-42206802c2e1" />
      <TestMethod codeBase="E:/Users/raphael.cruzeiro/Documents/Projects/open/Web.Generics/Web.Generics.Tests/bin/Debug/Web.Generics.Tests.DLL" adapterTypeName="Microsoft.VisualStudio.TestTools.TestTypes.Unit.UnitTestAdapter, Microsoft.VisualStudio.QualityTools.Tips.UnitTest.Adapter, Version=10.0.0.0, Culture=neutral, PublicKeyToken=b03f5f7f11d50a3a" className="Web.Generics.Tests.Authentication.MembershipServicesTests, Web.Generics.Tests, Version=1.0.0.0, Culture=neutral, PublicKeyToken=null" name="User_changing_password_with_correct_password_and_valid_new_password_returns_success" />
    </UnitTest>
    <UnitTest name="Show_Items_In_Grid" storage="e:\users\raphael.cruzeiro\documents\projects\open\web.generics\web.generics.tests\bin\debug\web.generics.tests.dll" id="51ec1ccd-48f5-8524-1192-acdbaed7610f">
      <Execution id="71b8807f-5b89-464e-85eb-d1993a7b5c76" />
      <TestMethod codeBase="E:/Users/raphael.cruzeiro/Documents/Projects/open/Web.Generics/Web.Generics.Tests/bin/Debug/Web.Generics.Tests.DLL" adapterTypeName="Microsoft.VisualStudio.TestTools.TestTypes.Unit.UnitTestAdapter, Microsoft.VisualStudio.QualityTools.Tips.UnitTest.Adapter, Version=10.0.0.0, Culture=neutral, PublicKeyToken=b03f5f7f11d50a3a" className="Web.Generics.Tests.UserInterface_Grids, Web.Generics.Tests, Version=1.0.0.0, Culture=neutral, PublicKeyToken=null" name="Show_Items_In_Grid" />
    </UnitTest>
    <UnitTest name="Resolve_Controller_With_Generic_Implementations" storage="e:\users\raphael.cruzeiro\documents\projects\open\web.generics\web.generics.tests\bin\debug\web.generics.tests.dll" id="9fc42f36-ca29-aff9-0c1e-58648d096479">
      <Execution id="ce5abc75-5f7d-4dcf-ba34-01b1c7a6bf1e" />
      <TestMethod codeBase="E:/Users/raphael.cruzeiro/Documents/Projects/open/Web.Generics/Web.Generics.Tests/bin/Debug/Web.Generics.Tests.DLL" adapterTypeName="Microsoft.VisualStudio.TestTools.TestTypes.Unit.UnitTestAdapter, Microsoft.VisualStudio.QualityTools.Tips.UnitTest.Adapter, Version=10.0.0.0, Culture=neutral, PublicKeyToken=b03f5f7f11d50a3a" className="Web.Generics.Tests.Infrastructure_InversionOfControl_Tests, Web.Generics.Tests, Version=1.0.0.0, Culture=neutral, PublicKeyToken=null" name="Resolve_Controller_With_Generic_Implementations" />
    </UnitTest>
    <UnitTest name="Order_by_ID_desc_must_return_7_items_in_descending_order" storage="e:\users\raphael.cruzeiro\documents\projects\open\web.generics\web.generics.tests\bin\debug\web.generics.tests.dll" id="2c5bb296-3514-19d6-f667-9488bbac924d">
      <Execution id="8f41c298-955b-426a-b976-9a916def3ac7" />
      <TestMethod codeBase="E:/Users/raphael.cruzeiro/Documents/Projects/open/Web.Generics/Web.Generics.Tests/bin/Debug/Web.Generics.Tests.DLL" adapterTypeName="Microsoft.VisualStudio.TestTools.TestTypes.Unit.UnitTestAdapter, Microsoft.VisualStudio.QualityTools.Tips.UnitTest.Adapter, Version=10.0.0.0, Culture=neutral, PublicKeyToken=b03f5f7f11d50a3a" className="Web.Generics.Tests.UserInterface.Given_a_repository_with_7_elements, Web.Generics.Tests, Version=1.0.0.0, Culture=neutral, PublicKeyToken=null" name="Order_by_ID_desc_must_return_7_items_in_descending_order" />
    </UnitTest>
  </TestDefinitions>
  <TestLists>
    <TestList name="Results Not in a List" id="8c84fa94-04c1-424b-9868-57a2d4851a1d" />
    <TestList name="All Loaded Results" id="19431567-8539-422a-85d7-44ee4e166bda" />
  </TestLists>
  <TestEntries>
    <TestEntry testId="08764d60-9337-470b-c9d5-3d67f1bc6ade" executionId="17c410bd-fafe-48f8-8b85-113d0b6cb632" testListId="8c84fa94-04c1-424b-9868-57a2d4851a1d" />
    <TestEntry testId="0cc02efb-c97e-ea3e-3271-59d2c276e278" executionId="e8dbf60c-1269-4786-aed1-d5493cbfc04f" testListId="8c84fa94-04c1-424b-9868-57a2d4851a1d" />
    <TestEntry testId="168fbeca-bfc1-581c-b9ec-3c4572d00ed1" executionId="d8028c69-55c9-4180-a504-96635576023f" testListId="8c84fa94-04c1-424b-9868-57a2d4851a1d" />
    <TestEntry testId="1e6af77b-1d3b-9555-806e-265331e477a5" executionId="83fc34cf-b73e-4bcc-92b7-d0f810a47d84" testListId="8c84fa94-04c1-424b-9868-57a2d4851a1d" />
    <TestEntry testId="20883c91-712f-7bd9-84c5-0e6b4f0b789d" executionId="4124c658-5eba-4038-ac40-76837dd7ab4a" testListId="8c84fa94-04c1-424b-9868-57a2d4851a1d" />
    <TestEntry testId="26b86960-9ce0-9813-79f0-22eb253ddaa4" executionId="b4642292-ec7c-4e44-b0f5-5eddd6facb38" testListId="8c84fa94-04c1-424b-9868-57a2d4851a1d" />
    <TestEntry testId="29cde594-6aec-d68e-3857-7a4b9d282a2c" executionId="e963640d-326b-4140-9e80-700ebe27d36b" testListId="8c84fa94-04c1-424b-9868-57a2d4851a1d" />
    <TestEntry testId="2bbbf406-154d-cfeb-98b8-963991468c1d" executionId="73008107-afce-4ea3-b7f4-c0a248a4fa87" testListId="8c84fa94-04c1-424b-9868-57a2d4851a1d" />
    <TestEntry testId="2c5bb296-3514-19d6-f667-9488bbac924d" executionId="8f41c298-955b-426a-b976-9a916def3ac7" testListId="8c84fa94-04c1-424b-9868-57a2d4851a1d" />
    <TestEntry testId="32799526-a780-07c0-3298-5cb494a724b2" executionId="db63a510-081d-4a10-a35e-e99bf154eb8c" testListId="8c84fa94-04c1-424b-9868-57a2d4851a1d" />
    <TestEntry testId="32bcb943-d87d-582b-883d-16c950347d82" executionId="46619df1-5f23-4a14-82ab-63262c6231bb" testListId="8c84fa94-04c1-424b-9868-57a2d4851a1d" />
    <TestEntry testId="36f43dad-d2ef-5589-a0ea-a16f2f206188" executionId="226926e6-cbea-46b9-b946-ce4755ef0be0" testListId="8c84fa94-04c1-424b-9868-57a2d4851a1d" />
    <TestEntry testId="373d2bfa-dc22-934f-5046-20f337ec11ab" executionId="d11f52c4-1b72-414d-9f1a-bf257116f434" testListId="8c84fa94-04c1-424b-9868-57a2d4851a1d" />
    <TestEntry testId="3dd40f28-a6cf-b821-cc15-2eeb654b586d" executionId="3b354a1d-e2d7-41e2-872c-bf03d82f94f5" testListId="8c84fa94-04c1-424b-9868-57a2d4851a1d" />
    <TestEntry testId="432241a0-da4c-fbc6-a453-14729eff3388" executionId="1f238d4e-2af3-4deb-aa9b-797127b890cd" testListId="8c84fa94-04c1-424b-9868-57a2d4851a1d" />
    <TestEntry testId="4e379a55-99f6-73bf-d87b-986cf08e255e" executionId="a44f10ac-2ed0-42c2-b90c-155c4f272ed1" testListId="8c84fa94-04c1-424b-9868-57a2d4851a1d" />
    <TestEntry testId="51ec1ccd-48f5-8524-1192-acdbaed7610f" executionId="71b8807f-5b89-464e-85eb-d1993a7b5c76" testListId="8c84fa94-04c1-424b-9868-57a2d4851a1d" />
    <TestEntry testId="57c1a421-0826-0f23-36c0-8fc7bea8850e" executionId="b06a06ad-9fbd-4bca-b397-8b13390ad5ba" testListId="8c84fa94-04c1-424b-9868-57a2d4851a1d" />
    <TestEntry testId="6631986b-0730-1229-232f-35d009da40d6" executionId="433d9b63-b039-485b-9122-9baa0328dee7" testListId="8c84fa94-04c1-424b-9868-57a2d4851a1d" />
    <TestEntry testId="66c54571-61e8-ed34-7b37-ad9ef9e40030" executionId="9a9b7568-ff02-425b-8dca-6545317a4c23" testListId="8c84fa94-04c1-424b-9868-57a2d4851a1d" />
    <TestEntry testId="6bcac391-9788-10e8-747e-efef0cd644a3" executionId="92466a46-307e-4501-bf6a-3f30c664c9c9" testListId="8c84fa94-04c1-424b-9868-57a2d4851a1d" />
    <TestEntry testId="6d4cc1b8-84b5-98a2-bb17-b334fc688462" executionId="04d14da9-eaf4-4d51-b364-a891d0a203c4" testListId="8c84fa94-04c1-424b-9868-57a2d4851a1d" />
    <TestEntry testId="700866d8-e2eb-49cb-74d4-1ae85ea12f69" executionId="cfeee883-36bd-4f00-b194-e91dc210c73f" testListId="8c84fa94-04c1-424b-9868-57a2d4851a1d" />
    <TestEntry testId="7c1f9829-2243-a68a-054d-4ef62fe678e9" executionId="a892d110-ca69-4fb6-a95a-fc42bfc0b430" testListId="8c84fa94-04c1-424b-9868-57a2d4851a1d" />
    <TestEntry testId="8aafd531-d21c-00a8-ee90-e1b37e3a3694" executionId="15113853-a35f-4a07-96be-71d084209706" testListId="8c84fa94-04c1-424b-9868-57a2d4851a1d" />
    <TestEntry testId="9fc42f36-ca29-aff9-0c1e-58648d096479" executionId="ce5abc75-5f7d-4dcf-ba34-01b1c7a6bf1e" testListId="8c84fa94-04c1-424b-9868-57a2d4851a1d" />
    <TestEntry testId="a2c49a2b-d39d-2796-5d55-e3bc20513b27" executionId="67bd47c9-e4ce-43dd-9bcc-e422c189d969" testListId="8c84fa94-04c1-424b-9868-57a2d4851a1d" />
    <TestEntry testId="a7821dd2-9252-958d-d6a8-4c25750f0215" executionId="34fb1b2d-5ec5-4c2c-a52d-9721e7c29694" testListId="8c84fa94-04c1-424b-9868-57a2d4851a1d" />
    <TestEntry testId="a8222d24-072c-d71d-3bd0-b76b0e3f4666" executionId="d6677fc5-0807-4aff-9ee2-310fc5a0043c" testListId="8c84fa94-04c1-424b-9868-57a2d4851a1d" />
    <TestEntry testId="aac57191-7373-4d93-174a-e11b361b9a1b" executionId="5b756edd-c043-468a-a0e1-95b4ff5c45bc" testListId="8c84fa94-04c1-424b-9868-57a2d4851a1d" />
    <TestEntry testId="afec351d-c5bd-e807-4f9f-6c708da25c8f" executionId="0f122035-452c-40b4-8120-76a75261a665" testListId="8c84fa94-04c1-424b-9868-57a2d4851a1d" />
    <TestEntry testId="b4297581-ff1b-3999-5fd8-95b6036938c0" executionId="07b35a2a-f53b-45cc-9a3c-0d14cec4613e" testListId="8c84fa94-04c1-424b-9868-57a2d4851a1d" />
    <TestEntry testId="b6819492-f9db-dcf2-0ded-3161c5b9aa32" executionId="6fcce391-8d16-4f85-a742-9e95968989b6" testListId="8c84fa94-04c1-424b-9868-57a2d4851a1d" />
    <TestEntry testId="c5c2e3d8-1b24-09f0-43aa-e4693e886451" executionId="1ec8062e-7832-40d0-bb3a-6565a3a17a59" testListId="8c84fa94-04c1-424b-9868-57a2d4851a1d" />
    <TestEntry testId="ca9b6d7d-c72c-ffd4-9266-ae65f3adb659" executionId="f0d0e27d-04bb-45a6-afdd-fd048b837a06" testListId="8c84fa94-04c1-424b-9868-57a2d4851a1d" />
    <TestEntry testId="cb3eda27-b10b-b25b-3e1c-155f0c451f45" executionId="91f51043-afa3-4df8-9690-952932885d8b" testListId="8c84fa94-04c1-424b-9868-57a2d4851a1d" />
    <TestEntry testId="e7a87bf2-4851-5b1c-7df0-92fdcafd03ca" executionId="ead89109-8bf0-40e8-a936-b941e7847e76" testListId="8c84fa94-04c1-424b-9868-57a2d4851a1d" />
    <TestEntry testId="e8e3591b-e3ff-7a0c-2871-7ffb31567b9f" executionId="74e950bf-9640-4b34-984f-bf428cb1539a" testListId="8c84fa94-04c1-424b-9868-57a2d4851a1d" />
    <TestEntry testId="ecfad25d-faaa-fe1a-4b04-cd16862ed8d3" executionId="fd0f3221-ea39-435e-b49c-42206802c2e1" testListId="8c84fa94-04c1-424b-9868-57a2d4851a1d" />
    <TestEntry testId="ef70adab-cbca-46bf-0d19-52da0a032597" executionId="d5721e49-c2b8-4d63-9c90-9ec042c1c163" testListId="8c84fa94-04c1-424b-9868-57a2d4851a1d" />
    <TestEntry testId="f706643b-9f9f-e05f-ab65-95347000f26f" executionId="185f2379-8969-4903-ba99-4f9950af2763" testListId="8c84fa94-04c1-424b-9868-57a2d4851a1d" />
    <TestEntry testId="fff7fde5-aa39-2877-3bc5-50f06ba7731e" executionId="6a77cf2f-488e-49d1-876a-9ff88d6f19cd" testListId="8c84fa94-04c1-424b-9868-57a2d4851a1d" />
  </TestEntries>
  <Results>
    <UnitTestResult executionId="17c410bd-fafe-48f8-8b85-113d0b6cb632" testId="08764d60-9337-470b-c9d5-3d67f1bc6ade" testName="Validate_non_existing_user_returns_false" computerName="PIANO" startTime="2010-10-26T16:08:11.7226660-02:00" endTime="2010-10-26T16:08:13.3309615-02:00" testType="13cdc9d9-ddb5-4fa4-a97d-d965ccfc6d4b" testListId="8c84fa94-04c1-424b-9868-57a2d4851a1d" relativeResultsDirectory="17c410bd-fafe-48f8-8b85-113d0b6cb632">
      <Output>
        <ErrorInfo>
          <Message>Unit Test Adapter threw exception: 
Type is not resolved for member 'NHibernate.Cfg.HibernateConfigException,NHibernate, Version=3.0.0.2001, Culture=neutral, PublicKeyToken=aa95f207798dfdb4'..</Message>
        </ErrorInfo>
      </Output>
    </UnitTestResult>
    <UnitTestResult executionId="e8dbf60c-1269-4786-aed1-d5493cbfc04f" testId="0cc02efb-c97e-ea3e-3271-59d2c276e278" testName="Validate_existing_user_with_correct_password_returns_true" computerName="PIANO" startTime="2010-10-26T16:08:13.3329145-02:00" endTime="2010-10-26T16:08:13.3465855-02:00" testType="13cdc9d9-ddb5-4fa4-a97d-d965ccfc6d4b" testListId="8c84fa94-04c1-424b-9868-57a2d4851a1d" relativeResultsDirectory="e8dbf60c-1269-4786-aed1-d5493cbfc04f">
      <Output>
        <ErrorInfo>
          <Message>Unit Test Adapter threw exception: 
Type is not resolved for member 'NHibernate.Cfg.HibernateConfigException,NHibernate, Version=3.0.0.2001, Culture=neutral, PublicKeyToken=aa95f207798dfdb4'..</Message>
        </ErrorInfo>
      </Output>
    </UnitTestResult>
    <UnitTestResult executionId="d8028c69-55c9-4180-a504-96635576023f" testId="168fbeca-bfc1-581c-b9ec-3c4572d00ed1" testName="Search_with_null_parameters_must_return_all_7_rows" computerName="PIANO" duration="00:00:00.0213474" startTime="2010-10-26T16:08:13.3504915-02:00" endTime="2010-10-26T16:08:13.3866220-02:00" testType="13cdc9d9-ddb5-4fa4-a97d-d965ccfc6d4b" outcome="Passed" testListId="8c84fa94-04c1-424b-9868-57a2d4851a1d" relativeResultsDirectory="d8028c69-55c9-4180-a504-96635576023f">
    </UnitTestResult>
    <UnitTestResult executionId="83fc34cf-b73e-4bcc-92b7-d0f810a47d84" testId="1e6af77b-1d3b-9555-806e-265331e477a5" testName="Insert_child_does_not_load_children" computerName="PIANO" duration="00:00:00.0111410" startTime="2010-10-26T16:08:13.3895515-02:00" endTime="2010-10-26T16:08:13.4051755-02:00" testType="13cdc9d9-ddb5-4fa4-a97d-d965ccfc6d4b" outcome="Failed" testListId="8c84fa94-04c1-424b-9868-57a2d4851a1d" relativeResultsDirectory="83fc34cf-b73e-4bcc-92b7-d0f810a47d84">
      <Output>
        <ErrorInfo>
          <Message>Initialization method Web.Generics.Tests.NHibernateSessionTests.Initialize threw exception. System.NullReferenceException: System.NullReferenceException: Object reference not set to an instance of an object..</Message>
          <StackTrace>    at Web.Generics.Tests.NHibernateSessionTests.Initialize() in E:\Users\raphael.cruzeiro\Documents\Projects\open\Web.Generics\Web.Generics.Tests\NHibernateSessionTests.cs:line 23
</StackTrace>
        </ErrorInfo>
      </Output>
    </UnitTestResult>
    <UnitTestResult executionId="4124c658-5eba-4038-ac40-76837dd7ab4a" testId="20883c91-712f-7bd9-84c5-0e6b4f0b789d" testName="Default_sortinginfo_is_null_property_ascending_with_sorting_disabled" computerName="PIANO" duration="00:00:00.0063184" startTime="2010-10-26T16:08:13.4100580-02:00" endTime="2010-10-26T16:08:13.4207995-02:00" testType="13cdc9d9-ddb5-4fa4-a97d-d965ccfc6d4b" outcome="Failed" testListId="8c84fa94-04c1-424b-9868-57a2d4851a1d" relativeResultsDirectory="4124c658-5eba-4038-ac40-76837dd7ab4a">
      <Output>
        <ErrorInfo>
          <Message>Assert.AreEqual failed. Expected:&lt;Ascending&gt;. Actual:&lt;(null)&gt;. </Message>
          <StackTrace>   at Web.Generics.Tests.UserInterface.Given_a_repository_with_7_elements.Default_sortinginfo_is_null_property_ascending_with_sorting_disabled() in E:\Users\raphael.cruzeiro\Documents\Projects\open\Web.Generics\Web.Generics.Tests\UserInterface\Page_Sort_Filter.cs:line 77
</StackTrace>
        </ErrorInfo>
      </Output>
    </UnitTestResult>
    <UnitTestResult executionId="b4642292-ec7c-4e44-b0f5-5eddd6facb38" testId="26b86960-9ce0-9813-79f0-22eb253ddaa4" testName="Register_Interface_And_Resolve_To_Implementation_Without_Chaining" computerName="PIANO" duration="00:00:00.0057496" startTime="2010-10-26T16:08:13.4256820-02:00" endTime="2010-10-26T16:08:13.4452120-02:00" testType="13cdc9d9-ddb5-4fa4-a97d-d965ccfc6d4b" outcome="Failed" testListId="8c84fa94-04c1-424b-9868-57a2d4851a1d" relativeResultsDirectory="b4642292-ec7c-4e44-b0f5-5eddd6facb38">
      <Output>
        <ErrorInfo>
          <Message>Test method Web.Generics.Tests.Infrastructure_InversionOfControl_Tests.Register_Interface_And_Resolve_To_Implementation_Without_Chaining threw exception: 
System.NullReferenceException: Object reference not set to an instance of an object.</Message>
          <StackTrace>    at Web.Generics.Tests.Infrastructure_InversionOfControl_Tests.Register_Interface_And_Resolve_To_Implementation_Without_Chaining() in E:\Users\raphael.cruzeiro\Documents\Projects\open\Web.Generics\Web.Generics.Tests\Infrastructure_InversionOfControl_Tests.cs:line 43
</StackTrace>
        </ErrorInfo>
      </Output>
    </UnitTestResult>
    <UnitTestResult executionId="e963640d-326b-4140-9e80-700ebe27d36b" testId="29cde594-6aec-d68e-3857-7a4b9d282a2c" testName="Create_gridcolumns_0_items" computerName="PIANO" duration="00:00:00.0018301" startTime="2010-10-26T16:08:13.4588830-02:00" endTime="2010-10-26T16:08:13.4764600-02:00" testType="13cdc9d9-ddb5-4fa4-a97d-d965ccfc6d4b" outcome="Passed" testListId="8c84fa94-04c1-424b-9868-57a2d4851a1d" relativeResultsDirectory="e963640d-326b-4140-9e80-700ebe27d36b">
    </UnitTestResult>
    <UnitTestResult executionId="73008107-afce-4ea3-b7f4-c0a248a4fa87" testId="2bbbf406-154d-cfeb-98b8-963991468c1d" testName="Pagesize_10_and_pageindex_1_must_return_7_rows" computerName="PIANO" duration="00:00:00.0006953" startTime="2010-10-26T16:08:13.4774365-02:00" endTime="2010-10-26T16:08:13.4842720-02:00" testType="13cdc9d9-ddb5-4fa4-a97d-d965ccfc6d4b" outcome="Passed" testListId="8c84fa94-04c1-424b-9868-57a2d4851a1d" relativeResultsDirectory="73008107-afce-4ea3-b7f4-c0a248a4fa87">
    </UnitTestResult>
    <UnitTestResult executionId="8f41c298-955b-426a-b976-9a916def3ac7" testId="2c5bb296-3514-19d6-f667-9488bbac924d" testName="Order_by_ID_desc_must_return_7_items_in_descending_order" computerName="PIANO" duration="00:00:00.0109703" startTime="2010-10-26T16:08:13.4862250-02:00" endTime="2010-10-26T16:08:13.5018490-02:00" testType="13cdc9d9-ddb5-4fa4-a97d-d965ccfc6d4b" outcome="Passed" testListId="8c84fa94-04c1-424b-9868-57a2d4851a1d" relativeResultsDirectory="8f41c298-955b-426a-b976-9a916def3ac7">
    </UnitTestResult>
    <UnitTestResult executionId="db63a510-081d-4a10-a35e-e99bf154eb8c" testId="32799526-a780-07c0-3298-5cb494a724b2" testName="Admin_changing_password_with_valid_new_password_returns_Success" computerName="PIANO" startTime="2010-10-26T16:08:13.5057550-02:00" endTime="2010-10-26T16:08:13.5145435-02:00" testType="13cdc9d9-ddb5-4fa4-a97d-d965ccfc6d4b" testListId="8c84fa94-04c1-424b-9868-57a2d4851a1d" relativeResultsDirectory="db63a510-081d-4a10-a35e-e99bf154eb8c">
      <Output>
        <ErrorInfo>
          <Message>Unit Test Adapter threw exception: 
Type is not resolved for member 'NHibernate.Cfg.HibernateConfigException,NHibernate, Version=3.0.0.2001, Culture=neutral, PublicKeyToken=aa95f207798dfdb4'..</Message>
        </ErrorInfo>
      </Output>
    </UnitTestResult>
    <UnitTestResult executionId="46619df1-5f23-4a14-82ab-63262c6231bb" testId="32bcb943-d87d-582b-883d-16c950347d82" testName="Register_with_existing_username_returns_ExistingUsername_state" computerName="PIANO" startTime="2010-10-26T16:08:13.5194260-02:00" endTime="2010-10-26T16:08:13.5272380-02:00" testType="13cdc9d9-ddb5-4fa4-a97d-d965ccfc6d4b" testListId="8c84fa94-04c1-424b-9868-57a2d4851a1d" relativeResultsDirectory="46619df1-5f23-4a14-82ab-63262c6231bb">
      <Output>
        <ErrorInfo>
          <Message>Unit Test Adapter threw exception: 
Type is not resolved for member 'NHibernate.Cfg.HibernateConfigException,NHibernate, Version=3.0.0.2001, Culture=neutral, PublicKeyToken=aa95f207798dfdb4'..</Message>
        </ErrorInfo>
      </Output>
    </UnitTestResult>
    <UnitTestResult executionId="226926e6-cbea-46b9-b946-ce4755ef0be0" testId="36f43dad-d2ef-5589-a0ea-a16f2f206188" testName="Register_with_existing_email_returns_ExistingEmail_state" computerName="PIANO" startTime="2010-10-26T16:08:13.5321205-02:00" endTime="2010-10-26T16:08:13.5399325-02:00" testType="13cdc9d9-ddb5-4fa4-a97d-d965ccfc6d4b" testListId="8c84fa94-04c1-424b-9868-57a2d4851a1d" relativeResultsDirectory="226926e6-cbea-46b9-b946-ce4755ef0be0">
      <Output>
        <ErrorInfo>
          <Message>Unit Test Adapter threw exception: 
Type is not resolved for member 'NHibernate.Cfg.HibernateConfigException,NHibernate, Version=3.0.0.2001, Culture=neutral, PublicKeyToken=aa95f207798dfdb4'..</Message>
        </ErrorInfo>
      </Output>
    </UnitTestResult>
    <UnitTestResult executionId="d11f52c4-1b72-414d-9f1a-bf257116f434" testId="373d2bfa-dc22-934f-5046-20f337ec11ab" testName="Pagesize_2_and_pageindex_2_order_by_ID_asc_yields_ids_3_and_4" computerName="PIANO" duration="00:00:00.0036675" startTime="2010-10-26T16:08:13.5448150-02:00" endTime="2010-10-26T16:08:13.5536035-02:00" testType="13cdc9d9-ddb5-4fa4-a97d-d965ccfc6d4b" outcome="Passed" testListId="8c84fa94-04c1-424b-9868-57a2d4851a1d" relativeResultsDirectory="d11f52c4-1b72-414d-9f1a-bf257116f434">
    </UnitTestResult>
    <UnitTestResult executionId="3b354a1d-e2d7-41e2-872c-bf03d82f94f5" testId="3dd40f28-a6cf-b821-cc15-2eeb654b586d" testName="Log" computerName="PIANO" duration="00:00:00.0010118" startTime="2010-10-26T16:08:13.5565330-02:00" endTime="2010-10-26T16:08:13.5614155-02:00" testType="13cdc9d9-ddb5-4fa4-a97d-d965ccfc6d4b" outcome="Passed" testListId="8c84fa94-04c1-424b-9868-57a2d4851a1d" relativeResultsDirectory="3b354a1d-e2d7-41e2-872c-bf03d82f94f5">
    </UnitTestResult>
    <UnitTestResult executionId="1f238d4e-2af3-4deb-aa9b-797127b890cd" testId="432241a0-da4c-fbc6-a453-14729eff3388" testName="GenerateValidationKey_for_existing_email_generates_key_and_returns_it" computerName="PIANO" startTime="2010-10-26T16:08:13.5653215-02:00" endTime="2010-10-26T16:08:13.5731335-02:00" testType="13cdc9d9-ddb5-4fa4-a97d-d965ccfc6d4b" testListId="8c84fa94-04c1-424b-9868-57a2d4851a1d" relativeResultsDirectory="1f238d4e-2af3-4deb-aa9b-797127b890cd">
      <Output>
        <ErrorInfo>
          <Message>Unit Test Adapter threw exception: 
Type is not resolved for member 'NHibernate.Cfg.HibernateConfigException,NHibernate, Version=3.0.0.2001, Culture=neutral, PublicKeyToken=aa95f207798dfdb4'..</Message>
        </ErrorInfo>
      </Output>
    </UnitTestResult>
    <UnitTestResult executionId="a44f10ac-2ed0-42c2-b90c-155c4f272ed1" testId="4e379a55-99f6-73bf-d87b-986cf08e255e" testName="Pagesize_10_and_pageindex_2_must_yield_page_1" computerName="PIANO" duration="00:00:00.0033216" startTime="2010-10-26T16:08:13.5789925-02:00" endTime="2010-10-26T16:08:13.5887575-02:00" testType="13cdc9d9-ddb5-4fa4-a97d-d965ccfc6d4b" outcome="Failed" testListId="8c84fa94-04c1-424b-9868-57a2d4851a1d" relativeResultsDirectory="a44f10ac-2ed0-42c2-b90c-155c4f272ed1">
      <Output>
        <ErrorInfo>
          <Message>Assert.AreEqual failed. Expected:&lt;1,2,3,4,5,6,7&gt;. Actual:&lt;&gt;. </Message>
          <StackTrace>   at Web.Generics.Tests.UserInterface.Given_a_repository_with_7_elements.Pagesize_10_and_pageindex_2_must_yield_page_1() in E:\Users\raphael.cruzeiro\Documents\Projects\open\Web.Generics\Web.Generics.Tests\UserInterface\Page_Sort_Filter.cs:line 140
</StackTrace>
        </ErrorInfo>
      </Output>
    </UnitTestResult>
    <UnitTestResult executionId="71b8807f-5b89-464e-85eb-d1993a7b5c76" testId="51ec1ccd-48f5-8524-1192-acdbaed7610f" testName="Show_Items_In_Grid" computerName="PIANO" duration="00:00:00.0023815" startTime="2010-10-26T16:08:13.5975460-02:00" endTime="2010-10-26T16:08:13.6102405-02:00" testType="13cdc9d9-ddb5-4fa4-a97d-d965ccfc6d4b" outcome="Failed" testListId="8c84fa94-04c1-424b-9868-57a2d4851a1d" relativeResultsDirectory="71b8807f-5b89-464e-85eb-d1993a7b5c76">
      <Output>
        <ErrorInfo>
          <Message>Initialization method Web.Generics.Tests.UserInterface_Grids.Initialize threw exception. System.ApplicationException: System.ApplicationException: Session factory not configured. Did you call ApplicationManager.Initialize()?.</Message>
          <StackTrace>    at Web.Generics.ApplicationManager.GetCurrentSession() in E:\Users\raphael.cruzeiro\Documents\Projects\open\Web.Generics\Web.Generics\ApplicationManager.cs:line 121
   at Web.Generics.Infrastructure.DataAccess.NHibernate.NHibernateRepositoryContext..ctor() in E:\Users\raphael.cruzeiro\Documents\Projects\open\Web.Generics\Web.Generics\Infrastructure\DataAccess\NHibernate\NHibernateRepositoryContext.cs:line 15
   at Web.Generics.Tests.ContextFactory.GetContext() in E:\Users\raphael.cruzeiro\Documents\Projects\open\Web.Generics\Web.Generics.Tests\ContextFactory.cs:line 19
   at Web.Generics.Tests.UserInterface_Grids.Initialize() in E:\Users\raphael.cruzeiro\Documents\Projects\open\Web.Generics\Web.Generics.Tests\UserInterface_Grids.cs:line 20
</StackTrace>
        </ErrorInfo>
      </Output>
    </UnitTestResult>
    <UnitTestResult executionId="b06a06ad-9fbd-4bca-b397-8b13390ad5ba" testId="57c1a421-0826-0f23-36c0-8fc7bea8850e" testName="Register_with_invalid_data_returns_invalid_state" computerName="PIANO" startTime="2010-10-26T16:08:13.6151230-02:00" endTime="2010-10-26T16:08:13.6239115-02:00" testType="13cdc9d9-ddb5-4fa4-a97d-d965ccfc6d4b" testListId="8c84fa94-04c1-424b-9868-57a2d4851a1d" relativeResultsDirectory="b06a06ad-9fbd-4bca-b397-8b13390ad5ba">
      <Output>
        <ErrorInfo>
          <Message>Unit Test Adapter threw exception: 
Type is not resolved for member 'NHibernate.Cfg.HibernateConfigException,NHibernate, Version=3.0.0.2001, Culture=neutral, PublicKeyToken=aa95f207798dfdb4'..</Message>
        </ErrorInfo>
      </Output>
    </UnitTestResult>
    <UnitTestResult executionId="433d9b63-b039-485b-9122-9baa0328dee7" testId="6631986b-0730-1229-232f-35d009da40d6" testName="Paging" computerName="PIANO" duration="00:00:00.0013767" startTime="2010-10-26T16:08:13.6297705-02:00" endTime="2010-10-26T16:08:13.6356295-02:00" testType="13cdc9d9-ddb5-4fa4-a97d-d965ccfc6d4b" outcome="Failed" testListId="8c84fa94-04c1-424b-9868-57a2d4851a1d" relativeResultsDirectory="433d9b63-b039-485b-9122-9baa0328dee7">
      <Output>
        <ErrorInfo>
          <Message>Initialization method Web.Generics.Tests.UserInterface_Grids.Initialize threw exception. System.ApplicationException: System.ApplicationException: Session factory not configured. Did you call ApplicationManager.Initialize()?.</Message>
          <StackTrace>    at Web.Generics.ApplicationManager.GetCurrentSession() in E:\Users\raphael.cruzeiro\Documents\Projects\open\Web.Generics\Web.Generics\ApplicationManager.cs:line 121
   at Web.Generics.Infrastructure.DataAccess.NHibernate.NHibernateRepositoryContext..ctor() in E:\Users\raphael.cruzeiro\Documents\Projects\open\Web.Generics\Web.Generics\Infrastructure\DataAccess\NHibernate\NHibernateRepositoryContext.cs:line 15
   at Web.Generics.Tests.ContextFactory.GetContext() in E:\Users\raphael.cruzeiro\Documents\Projects\open\Web.Generics\Web.Generics.Tests\ContextFactory.cs:line 19
   at Web.Generics.Tests.UserInterface_Grids.Initialize() in E:\Users\raphael.cruzeiro\Documents\Projects\open\Web.Generics\Web.Generics.Tests\UserInterface_Grids.cs:line 20
</StackTrace>
        </ErrorInfo>
      </Output>
    </UnitTestResult>
    <UnitTestResult executionId="9a9b7568-ff02-425b-8dca-6545317a4c23" testId="66c54571-61e8-ed34-7b37-ad9ef9e40030" testName="Create_gridcolumns_4_items" computerName="PIANO" duration="00:00:00.0005506" startTime="2010-10-26T16:08:13.6414885-02:00" endTime="2010-10-26T16:08:13.6463710-02:00" testType="13cdc9d9-ddb5-4fa4-a97d-d965ccfc6d4b" outcome="Passed" testListId="8c84fa94-04c1-424b-9868-57a2d4851a1d" relativeResultsDirectory="9a9b7568-ff02-425b-8dca-6545317a4c23">
    </UnitTestResult>
    <UnitTestResult executionId="92466a46-307e-4501-bf6a-3f30c664c9c9" testId="6bcac391-9788-10e8-747e-efef0cd644a3" testName="Create_gridcolumns_3_items" computerName="PIANO" duration="00:00:00.0005749" startTime="2010-10-26T16:08:13.6483240-02:00" endTime="2010-10-26T16:08:13.6551595-02:00" testType="13cdc9d9-ddb5-4fa4-a97d-d965ccfc6d4b" outcome="Passed" testListId="8c84fa94-04c1-424b-9868-57a2d4851a1d" relativeResultsDirectory="92466a46-307e-4501-bf6a-3f30c664c9c9">
    </UnitTestResult>
    <UnitTestResult executionId="04d14da9-eaf4-4d51-b364-a891d0a203c4" testId="6d4cc1b8-84b5-98a2-bb17-b334fc688462" testName="All_null_parameters_brings_all_values" computerName="PIANO" duration="00:00:00.0007889" startTime="2010-10-26T16:08:13.6580890-02:00" endTime="2010-10-26T16:08:13.6629715-02:00" testType="13cdc9d9-ddb5-4fa4-a97d-d965ccfc6d4b" outcome="Passed" testListId="8c84fa94-04c1-424b-9868-57a2d4851a1d" relativeResultsDirectory="04d14da9-eaf4-4d51-b364-a891d0a203c4">
    </UnitTestResult>
    <UnitTestResult executionId="cfeee883-36bd-4f00-b194-e91dc210c73f" testId="700866d8-e2eb-49cb-74d4-1ae85ea12f69" testName="Resolve_Controller_With_Generic_Controller_And_Specific_ViewModel" computerName="PIANO" duration="00:00:00.0018373" startTime="2010-10-26T16:08:13.6659010-02:00" endTime="2010-10-26T16:08:13.6727365-02:00" testType="13cdc9d9-ddb5-4fa4-a97d-d965ccfc6d4b" outcome="Failed" testListId="8c84fa94-04c1-424b-9868-57a2d4851a1d" relativeResultsDirectory="cfeee883-36bd-4f00-b194-e91dc210c73f">
      <Output>
        <ErrorInfo>
          <Message>Test method Web.Generics.Tests.Infrastructure_InversionOfControl_Tests.Resolve_Controller_With_Generic_Controller_And_Specific_ViewModel threw exception: 
System.NullReferenceException: Object reference not set to an instance of an object.</Message>
          <StackTrace>    at Web.Generics.Tests.Infrastructure_InversionOfControl_Tests.Resolve_Controller_With_Generic_Controller_And_Specific_ViewModel() in E:\Users\raphael.cruzeiro\Documents\Projects\open\Web.Generics\Web.Generics.Tests\Infrastructure_InversionOfControl_Tests.cs:line 71
</StackTrace>
        </ErrorInfo>
      </Output>
    </UnitTestResult>
    <UnitTestResult executionId="a892d110-ca69-4fb6-a95a-fc42bfc0b430" testId="7c1f9829-2243-a68a-054d-4ef62fe678e9" testName="Register_fail_must_rollback_transaction" computerName="PIANO" startTime="2010-10-26T16:08:13.6746895-02:00" endTime="2010-10-26T16:08:13.6864075-02:00" testType="13cdc9d9-ddb5-4fa4-a97d-d965ccfc6d4b" testListId="8c84fa94-04c1-424b-9868-57a2d4851a1d" relativeResultsDirectory="a892d110-ca69-4fb6-a95a-fc42bfc0b430">
      <Output>
        <ErrorInfo>
          <Message>Unit Test Adapter threw exception: 
Type is not resolved for member 'NHibernate.Cfg.HibernateConfigException,NHibernate, Version=3.0.0.2001, Culture=neutral, PublicKeyToken=aa95f207798dfdb4'..</Message>
        </ErrorInfo>
      </Output>
    </UnitTestResult>
    <UnitTestResult executionId="15113853-a35f-4a07-96be-71d084209706" testId="8aafd531-d21c-00a8-ee90-e1b37e3a3694" testName="List_Posts_By_Date_Range" computerName="PIANO" duration="00:00:00.0627523" startTime="2010-10-26T16:08:13.6922665-02:00" endTime="2010-10-26T16:08:13.7586685-02:00" testType="13cdc9d9-ddb5-4fa4-a97d-d965ccfc6d4b" outcome="Failed" testListId="8c84fa94-04c1-424b-9868-57a2d4851a1d" relativeResultsDirectory="15113853-a35f-4a07-96be-71d084209706">
      <Output>
        <ErrorInfo>
          <Message>Initialization method Inspira.Blog.Tests.Blog_Services.Initialize threw exception. System.Data.MetadataException: System.Data.MetadataException: Schema specified is not valid. Errors: 
The relationship 'Inspira.Blog.DomainModel.FK_Posts_WebLog' was not loaded because the type 'Inspira.Blog.DomainModel.WebLog' is not available.
The following information may be useful in resolving the previous error:
The required property 'Owners' does not exist on the type 'Inspira.Blog.DomainModel.WebLog'.

.</Message>
          <StackTrace>    at System.Data.Metadata.Edm.ObjectItemCollection.LoadAssemblyFromCache(ObjectItemCollection objectItemCollection, Assembly assembly, Boolean loadReferencedAssemblies, EdmItemCollection edmItemCollection, Action`1 logLoadMessage)
   at System.Data.Metadata.Edm.ObjectItemCollection.ImplicitLoadAssemblyForType(Type type, EdmItemCollection edmItemCollection)
   at System.Data.Metadata.Edm.MetadataWorkspace.ImplicitLoadAssemblyForType(Type type, Assembly callingAssembly)
   at System.Data.Objects.ObjectContext.GetTypeUsage(Type entityCLRType)
   at System.Data.Objects.ObjectContext.GetEntitySetFromContainer(EntityContainer container, Type entityCLRType, String exceptionParameterName)
   at System.Data.Objects.ObjectContext.GetEntitySetForType(Type entityCLRType, String exceptionParameterName)
   at System.Data.Objects.ObjectContext.CreateObjectSet[TEntity]()
   at Web.Generics.Infrastructure.DataAccess.EntityFramework.EntityFrameworkRepositoryContext.Query[T]() in E:\Users\raphael.cruzeiro\Documents\Projects\open\Web.Generics\Web.Generics.Futures\Infrastructure\DataAccess\EntityFramework\EntityFrameworkRepositoryContext.cs:line 24
   at Web.Generics.Infrastructure.DataAccess.EntityFramework.EntityFrameworkRepositoryContext.SaveOrUpdate[T](T obj) in E:\Users\raphael.cruzeiro\Documents\Projects\open\Web.Generics\Web.Generics.Futures\Infrastructure\DataAccess\EntityFramework\EntityFrameworkRepositoryContext.cs:line 30
   at Web.Generics.ApplicationServices.DataAccess.GenericRepository`1.SaveOrUpdate(T obj) in E:\Users\raphael.cruzeiro\Documents\Projects\open\Web.Generics\Web.Generics\ApplicationServices\DataAccess\GenericRepository.cs:line 24
   at Inspira.Blog.Tests.Blog_Services.Initialize() in E:\Users\raphael.cruzeiro\Documents\Projects\open\Web.Generics\Web.Generics.Tests\Blog_Services.cs:line 35
</StackTrace>
        </ErrorInfo>
      </Output>
    </UnitTestResult>
    <UnitTestResult executionId="ce5abc75-5f7d-4dcf-ba34-01b1c7a6bf1e" testId="9fc42f36-ca29-aff9-0c1e-58648d096479" testName="Resolve_Controller_With_Generic_Implementations" computerName="PIANO" duration="00:00:00.0016440" startTime="2010-10-26T16:08:13.7645275-02:00" endTime="2010-10-26T16:08:13.7713630-02:00" testType="13cdc9d9-ddb5-4fa4-a97d-d965ccfc6d4b" outcome="Failed" testListId="8c84fa94-04c1-424b-9868-57a2d4851a1d" relativeResultsDirectory="ce5abc75-5f7d-4dcf-ba34-01b1c7a6bf1e">
      <Output>
        <ErrorInfo>
          <Message>Test method Web.Generics.Tests.Infrastructure_InversionOfControl_Tests.Resolve_Controller_With_Generic_Implementations threw exception: 
System.NullReferenceException: Object reference not set to an instance of an object.</Message>
          <StackTrace>    at Web.Generics.Tests.Infrastructure_InversionOfControl_Tests.Resolve_Controller_With_Generic_Implementations() in E:\Users\raphael.cruzeiro\Documents\Projects\open\Web.Generics\Web.Generics.Tests\Infrastructure_InversionOfControl_Tests.cs:line 57
</StackTrace>
        </ErrorInfo>
      </Output>
    </UnitTestResult>
    <UnitTestResult executionId="67bd47c9-e4ce-43dd-9bcc-e422c189d969" testId="a2c49a2b-d39d-2796-5d55-e3bc20513b27" testName="InsertPostWithExistingTagsAndComments" computerName="PIANO" duration="00:00:00.0021259" startTime="2010-10-26T16:08:13.7762455-02:00" endTime="2010-10-26T16:08:13.7830810-02:00" testType="13cdc9d9-ddb5-4fa4-a97d-d965ccfc6d4b" outcome="Failed" testListId="8c84fa94-04c1-424b-9868-57a2d4851a1d" relativeResultsDirectory="67bd47c9-e4ce-43dd-9bcc-e422c189d969">
      <Output>
        <ErrorInfo>
          <Message>Initialization method Web.Generics.Tests.Infrastructure_Repository_Tests.TestInitialize threw exception. System.ApplicationException: System.ApplicationException: Session factory not configured. Did you call ApplicationManager.Initialize()?.</Message>
          <StackTrace>    at Web.Generics.ApplicationManager.GetCurrentSession() in E:\Users\raphael.cruzeiro\Documents\Projects\open\Web.Generics\Web.Generics\ApplicationManager.cs:line 121
   at Web.Generics.Infrastructure.DataAccess.NHibernate.NHibernateRepositoryContext..ctor() in E:\Users\raphael.cruzeiro\Documents\Projects\open\Web.Generics\Web.Generics\Infrastructure\DataAccess\NHibernate\NHibernateRepositoryContext.cs:line 15
   at Web.Generics.Tests.ContextFactory.GetContext() in E:\Users\raphael.cruzeiro\Documents\Projects\open\Web.Generics\Web.Generics.Tests\ContextFactory.cs:line 19
   at Web.Generics.Tests.Infrastructure_Repository_Tests.TestInitialize() in E:\Users\raphael.cruzeiro\Documents\Projects\open\Web.Generics\Web.Generics.Tests\Infrastructure_Repository_Tests.cs:line 34
</StackTrace>
        </ErrorInfo>
      </Output>
    </UnitTestResult>
    <UnitTestResult executionId="34fb1b2d-5ec5-4c2c-a52d-9721e7c29694" testId="a7821dd2-9252-958d-d6a8-4c25750f0215" testName="Default_paginginfo_is_pageindex_1_and_pagesize_10_with_paging_disabled" computerName="PIANO" duration="00:00:00.0002522" startTime="2010-10-26T16:08:13.7889400-02:00" endTime="2010-10-26T16:08:13.7938225-02:00" testType="13cdc9d9-ddb5-4fa4-a97d-d965ccfc6d4b" outcome="Passed" testListId="8c84fa94-04c1-424b-9868-57a2d4851a1d" relativeResultsDirectory="34fb1b2d-5ec5-4c2c-a52d-9721e7c29694">
    </UnitTestResult>
    <UnitTestResult executionId="d6677fc5-0807-4aff-9ee2-310fc5a0043c" testId="a8222d24-072c-d71d-3bd0-b76b0e3f4666" testName="Register_with_null_role_throws_argumentNullException" computerName="PIANO" startTime="2010-10-26T16:08:13.7947990-02:00" endTime="2010-10-26T16:08:13.8035875-02:00" testType="13cdc9d9-ddb5-4fa4-a97d-d965ccfc6d4b" testListId="8c84fa94-04c1-424b-9868-57a2d4851a1d" relativeResultsDirectory="d6677fc5-0807-4aff-9ee2-310fc5a0043c">
      <Output>
        <ErrorInfo>
          <Message>Unit Test Adapter threw exception: 
Type is not resolved for member 'NHibernate.Cfg.HibernateConfigException,NHibernate, Version=3.0.0.2001, Culture=neutral, PublicKeyToken=aa95f207798dfdb4'..</Message>
        </ErrorInfo>
      </Output>
    </UnitTestResult>
    <UnitTestResult executionId="5b756edd-c043-468a-a0e1-95b4ff5c45bc" testId="aac57191-7373-4d93-174a-e11b361b9a1b" testName="Insert_child_does_not_load_children_v2" computerName="PIANO" duration="00:00:00.0012127" startTime="2010-10-26T16:08:13.8143290-02:00" endTime="2010-10-26T16:08:13.8201880-02:00" testType="13cdc9d9-ddb5-4fa4-a97d-d965ccfc6d4b" outcome="Failed" testListId="8c84fa94-04c1-424b-9868-57a2d4851a1d" relativeResultsDirectory="5b756edd-c043-468a-a0e1-95b4ff5c45bc">
      <Output>
        <ErrorInfo>
          <Message>Initialization method Web.Generics.Tests.NHibernateSessionTests.Initialize threw exception. System.NullReferenceException: System.NullReferenceException: Object reference not set to an instance of an object..</Message>
          <StackTrace>    at Web.Generics.Tests.NHibernateSessionTests.Initialize() in E:\Users\raphael.cruzeiro\Documents\Projects\open\Web.Generics\Web.Generics.Tests\NHibernateSessionTests.cs:line 23
</StackTrace>
        </ErrorInfo>
      </Output>
    </UnitTestResult>
    <UnitTestResult executionId="0f122035-452c-40b4-8120-76a75261a665" testId="afec351d-c5bd-e807-4f9f-6c708da25c8f" testName="InsertPostWithNullableProperty" computerName="PIANO" duration="00:00:00.0012487" startTime="2010-10-26T16:08:13.8270235-02:00" endTime="2010-10-26T16:08:13.8328825-02:00" testType="13cdc9d9-ddb5-4fa4-a97d-d965ccfc6d4b" outcome="Failed" testListId="8c84fa94-04c1-424b-9868-57a2d4851a1d" relativeResultsDirectory="0f122035-452c-40b4-8120-76a75261a665">
      <Output>
        <ErrorInfo>
          <Message>Initialization method Web.Generics.Tests.Infrastructure_Repository_Tests.TestInitialize threw exception. System.ApplicationException: System.ApplicationException: Session factory not configured. Did you call ApplicationManager.Initialize()?.</Message>
          <StackTrace>    at Web.Generics.ApplicationManager.GetCurrentSession() in E:\Users\raphael.cruzeiro\Documents\Projects\open\Web.Generics\Web.Generics\ApplicationManager.cs:line 121
   at Web.Generics.Infrastructure.DataAccess.NHibernate.NHibernateRepositoryContext..ctor() in E:\Users\raphael.cruzeiro\Documents\Projects\open\Web.Generics\Web.Generics\Infrastructure\DataAccess\NHibernate\NHibernateRepositoryContext.cs:line 15
   at Web.Generics.Tests.ContextFactory.GetContext() in E:\Users\raphael.cruzeiro\Documents\Projects\open\Web.Generics\Web.Generics.Tests\ContextFactory.cs:line 19
   at Web.Generics.Tests.Infrastructure_Repository_Tests.TestInitialize() in E:\Users\raphael.cruzeiro\Documents\Projects\open\Web.Generics\Web.Generics.Tests\Infrastructure_Repository_Tests.cs:line 34
</StackTrace>
        </ErrorInfo>
      </Output>
    </UnitTestResult>
    <UnitTestResult executionId="07b35a2a-f53b-45cc-9a3c-0d14cec4613e" testId="b4297581-ff1b-3999-5fd8-95b6036938c0" testName="Add_Comment_In_Post" computerName="PIANO" duration="00:00:00.0052707" startTime="2010-10-26T16:08:13.8348355-02:00" endTime="2010-10-26T16:08:13.8475300-02:00" testType="13cdc9d9-ddb5-4fa4-a97d-d965ccfc6d4b" outcome="Failed" testListId="8c84fa94-04c1-424b-9868-57a2d4851a1d" relativeResultsDirectory="07b35a2a-f53b-45cc-9a3c-0d14cec4613e">
      <Output>
        <ErrorInfo>
          <Message>Initialization method Inspira.Blog.Tests.Blog_Services.Initialize threw exception. System.Data.MetadataException: System.Data.MetadataException: Schema specified is not valid. Errors: 
The relationship 'Inspira.Blog.DomainModel.FK_Posts_WebLog' was not loaded because the type 'Inspira.Blog.DomainModel.WebLog' is not available.
The following information may be useful in resolving the previous error:
The required property 'Owners' does not exist on the type 'Inspira.Blog.DomainModel.WebLog'.

.</Message>
          <StackTrace>    at System.Data.Metadata.Edm.ObjectItemCollection.LoadAssemblyFromCache(ObjectItemCollection objectItemCollection, Assembly assembly, Boolean loadReferencedAssemblies, EdmItemCollection edmItemCollection, Action`1 logLoadMessage)
   at System.Data.Metadata.Edm.ObjectItemCollection.ImplicitLoadAssemblyForType(Type type, EdmItemCollection edmItemCollection)
   at System.Data.Metadata.Edm.MetadataWorkspace.ImplicitLoadAssemblyForType(Type type, Assembly callingAssembly)
   at System.Data.Objects.ObjectContext.GetTypeUsage(Type entityCLRType)
   at System.Data.Objects.ObjectContext.GetEntitySetFromContainer(EntityContainer container, Type entityCLRType, String exceptionParameterName)
   at System.Data.Objects.ObjectContext.GetEntitySetForType(Type entityCLRType, String exceptionParameterName)
   at System.Data.Objects.ObjectContext.CreateObjectSet[TEntity]()
   at Web.Generics.Infrastructure.DataAccess.EntityFramework.EntityFrameworkRepositoryContext.Query[T]() in E:\Users\raphael.cruzeiro\Documents\Projects\open\Web.Generics\Web.Generics.Futures\Infrastructure\DataAccess\EntityFramework\EntityFrameworkRepositoryContext.cs:line 24
   at Web.Generics.Infrastructure.DataAccess.EntityFramework.EntityFrameworkRepositoryContext.SaveOrUpdate[T](T obj) in E:\Users\raphael.cruzeiro\Documents\Projects\open\Web.Generics\Web.Generics.Futures\Infrastructure\DataAccess\EntityFramework\EntityFrameworkRepositoryContext.cs:line 30
   at Web.Generics.ApplicationServices.DataAccess.GenericRepository`1.SaveOrUpdate(T obj) in E:\Users\raphael.cruzeiro\Documents\Projects\open\Web.Generics\Web.Generics\ApplicationServices\DataAccess\GenericRepository.cs:line 24
   at Inspira.Blog.Tests.Blog_Services.Initialize() in E:\Users\raphael.cruzeiro\Documents\Projects\open\Web.Generics\Web.Generics.Tests\Blog_Services.cs:line 35
</StackTrace>
        </ErrorInfo>
      </Output>
    </UnitTestResult>
    <UnitTestResult executionId="6fcce391-8d16-4f85-a742-9e95968989b6" testId="b6819492-f9db-dcf2-0ded-3161c5b9aa32" testName="Log_With_Aspect" computerName="PIANO" duration="00:00:00.0013169" startTime="2010-10-26T16:08:13.8533890-02:00" endTime="2010-10-26T16:08:13.8602245-02:00" testType="13cdc9d9-ddb5-4fa4-a97d-d965ccfc6d4b" outcome="Passed" testListId="8c84fa94-04c1-424b-9868-57a2d4851a1d" relativeResultsDirectory="6fcce391-8d16-4f85-a742-9e95968989b6">
    </UnitTestResult>
    <UnitTestResult executionId="1ec8062e-7832-40d0-bb3a-6565a3a17a59" testId="c5c2e3d8-1b24-09f0-43aa-e4693e886451" testName="Register_with_valid_data_inserts_user_into_database_and_returns_success" computerName="PIANO" startTime="2010-10-26T16:08:13.8631540-02:00" endTime="2010-10-26T16:08:13.8719425-02:00" testType="13cdc9d9-ddb5-4fa4-a97d-d965ccfc6d4b" testListId="8c84fa94-04c1-424b-9868-57a2d4851a1d" relativeResultsDirectory="1ec8062e-7832-40d0-bb3a-6565a3a17a59">
      <Output>
        <ErrorInfo>
          <Message>Unit Test Adapter threw exception: 
Type is not resolved for member 'NHibernate.Cfg.HibernateConfigException,NHibernate, Version=3.0.0.2001, Culture=neutral, PublicKeyToken=aa95f207798dfdb4'..</Message>
        </ErrorInfo>
      </Output>
    </UnitTestResult>
    <UnitTestResult executionId="f0d0e27d-04bb-45a6-afdd-fd048b837a06" testId="ca9b6d7d-c72c-ffd4-9266-ae65f3adb659" testName="InsertPostWithNewTagsAndComments" computerName="PIANO" duration="00:00:00.0013845" startTime="2010-10-26T16:08:13.8778015-02:00" endTime="2010-10-26T16:08:13.8836605-02:00" testType="13cdc9d9-ddb5-4fa4-a97d-d965ccfc6d4b" outcome="Failed" testListId="8c84fa94-04c1-424b-9868-57a2d4851a1d" relativeResultsDirectory="f0d0e27d-04bb-45a6-afdd-fd048b837a06">
      <Output>
        <ErrorInfo>
          <Message>Initialization method Web.Generics.Tests.Infrastructure_Repository_Tests.TestInitialize threw exception. System.ApplicationException: System.ApplicationException: Session factory not configured. Did you call ApplicationManager.Initialize()?.</Message>
          <StackTrace>    at Web.Generics.ApplicationManager.GetCurrentSession() in E:\Users\raphael.cruzeiro\Documents\Projects\open\Web.Generics\Web.Generics\ApplicationManager.cs:line 121
   at Web.Generics.Infrastructure.DataAccess.NHibernate.NHibernateRepositoryContext..ctor() in E:\Users\raphael.cruzeiro\Documents\Projects\open\Web.Generics\Web.Generics\Infrastructure\DataAccess\NHibernate\NHibernateRepositoryContext.cs:line 15
   at Web.Generics.Tests.ContextFactory.GetContext() in E:\Users\raphael.cruzeiro\Documents\Projects\open\Web.Generics\Web.Generics.Tests\ContextFactory.cs:line 19
   at Web.Generics.Tests.Infrastructure_Repository_Tests.TestInitialize() in E:\Users\raphael.cruzeiro\Documents\Projects\open\Web.Generics\Web.Generics.Tests\Infrastructure_Repository_Tests.cs:line 34
</StackTrace>
        </ErrorInfo>
      </Output>
    </UnitTestResult>
    <UnitTestResult executionId="91f51043-afa3-4df8-9690-952932885d8b" testId="cb3eda27-b10b-b25b-3e1c-155f0c451f45" testName="Create_gridcolumns_2_items" computerName="PIANO" duration="00:00:00.0002813" startTime="2010-10-26T16:08:13.8885430-02:00" endTime="2010-10-26T16:08:13.8953785-02:00" testType="13cdc9d9-ddb5-4fa4-a97d-d965ccfc6d4b" outcome="Passed" testListId="8c84fa94-04c1-424b-9868-57a2d4851a1d" relativeResultsDirectory="91f51043-afa3-4df8-9690-952932885d8b">
    </UnitTestResult>
    <UnitTestResult executionId="ead89109-8bf0-40e8-a936-b941e7847e76" testId="e7a87bf2-4851-5b1c-7df0-92fdcafd03ca" testName="Resolve_Controller_With_Specific_Controller_And_ViewModel" computerName="PIANO" duration="00:00:00.0015658" startTime="2010-10-26T16:08:13.9070965-02:00" endTime="2010-10-26T16:08:13.9324855-02:00" testType="13cdc9d9-ddb5-4fa4-a97d-d965ccfc6d4b" outcome="Failed" testListId="8c84fa94-04c1-424b-9868-57a2d4851a1d" relativeResultsDirectory="ead89109-8bf0-40e8-a936-b941e7847e76">
      <Output>
        <ErrorInfo>
          <Message>Test method Web.Generics.Tests.Infrastructure_InversionOfControl_Tests.Resolve_Controller_With_Specific_Controller_And_ViewModel threw exception: 
System.NullReferenceException: Object reference not set to an instance of an object.</Message>
          <StackTrace>    at Web.Generics.Tests.Infrastructure_InversionOfControl_Tests.Resolve_Controller_With_Specific_Controller_And_ViewModel() in E:\Users\raphael.cruzeiro\Documents\Projects\open\Web.Generics\Web.Generics.Tests\Infrastructure_InversionOfControl_Tests.cs:line 64
</StackTrace>
        </ErrorInfo>
      </Output>
    </UnitTestResult>
    <UnitTestResult executionId="74e950bf-9640-4b34-984f-bf428cb1539a" testId="e8e3591b-e3ff-7a0c-2871-7ffb31567b9f" testName="SelectWithLambdaExpressions" computerName="PIANO" duration="00:00:00.0011979" startTime="2010-10-26T16:08:13.9383445-02:00" endTime="2010-10-26T16:08:13.9490860-02:00" testType="13cdc9d9-ddb5-4fa4-a97d-d965ccfc6d4b" outcome="Failed" testListId="8c84fa94-04c1-424b-9868-57a2d4851a1d" relativeResultsDirectory="74e950bf-9640-4b34-984f-bf428cb1539a">
      <Output>
        <ErrorInfo>
          <Message>Initialization method Web.Generics.Tests.Infrastructure_Repository_Tests.TestInitialize threw exception. System.ApplicationException: System.ApplicationException: Session factory not configured. Did you call ApplicationManager.Initialize()?.</Message>
          <StackTrace>    at Web.Generics.ApplicationManager.GetCurrentSession() in E:\Users\raphael.cruzeiro\Documents\Projects\open\Web.Generics\Web.Generics\ApplicationManager.cs:line 121
   at Web.Generics.Infrastructure.DataAccess.NHibernate.NHibernateRepositoryContext..ctor() in E:\Users\raphael.cruzeiro\Documents\Projects\open\Web.Generics\Web.Generics\Infrastructure\DataAccess\NHibernate\NHibernateRepositoryContext.cs:line 15
   at Web.Generics.Tests.ContextFactory.GetContext() in E:\Users\raphael.cruzeiro\Documents\Projects\open\Web.Generics\Web.Generics.Tests\ContextFactory.cs:line 19
   at Web.Generics.Tests.Infrastructure_Repository_Tests.TestInitialize() in E:\Users\raphael.cruzeiro\Documents\Projects\open\Web.Generics\Web.Generics.Tests\Infrastructure_Repository_Tests.cs:line 34
</StackTrace>
        </ErrorInfo>
      </Output>
    </UnitTestResult>
    <UnitTestResult executionId="fd0f3221-ea39-435e-b49c-42206802c2e1" testId="ecfad25d-faaa-fe1a-4b04-cd16862ed8d3" testName="User_changing_password_with_correct_password_and_valid_new_password_returns_success" computerName="PIANO" startTime="2010-10-26T16:08:13.9539685-02:00" endTime="2010-10-26T16:08:13.9647100-02:00" testType="13cdc9d9-ddb5-4fa4-a97d-d965ccfc6d4b" testListId="8c84fa94-04c1-424b-9868-57a2d4851a1d" relativeResultsDirectory="fd0f3221-ea39-435e-b49c-42206802c2e1">
      <Output>
        <ErrorInfo>
          <Message>Unit Test Adapter threw exception: 
Type is not resolved for member 'NHibernate.Cfg.HibernateConfigException,NHibernate, Version=3.0.0.2001, Culture=neutral, PublicKeyToken=aa95f207798dfdb4'..</Message>
        </ErrorInfo>
      </Output>
    </UnitTestResult>
    <UnitTestResult executionId="d5721e49-c2b8-4d63-9c90-9ec042c1c163" testId="ef70adab-cbca-46bf-0d19-52da0a032597" testName="Resolve_With_Chaining" computerName="PIANO" duration="00:00:00.0014546" startTime="2010-10-26T16:08:13.9705690-02:00" endTime="2010-10-26T16:08:13.9774045-02:00" testType="13cdc9d9-ddb5-4fa4-a97d-d965ccfc6d4b" outcome="Failed" testListId="8c84fa94-04c1-424b-9868-57a2d4851a1d" relativeResultsDirectory="d5721e49-c2b8-4d63-9c90-9ec042c1c163">
      <Output>
        <ErrorInfo>
          <Message>Test method Web.Generics.Tests.Infrastructure_InversionOfControl_Tests.Resolve_With_Chaining threw exception: 
System.NullReferenceException: Object reference not set to an instance of an object.</Message>
          <StackTrace>    at Web.Generics.Tests.Infrastructure_InversionOfControl_Tests.Resolve_With_Chaining() in E:\Users\raphael.cruzeiro\Documents\Projects\open\Web.Generics\Web.Generics.Tests\Infrastructure_InversionOfControl_Tests.cs:line 50
</StackTrace>
        </ErrorInfo>
      </Output>
    </UnitTestResult>
    <UnitTestResult executionId="185f2379-8969-4903-ba99-4f9950af2763" testId="f706643b-9f9f-e05f-ab65-95347000f26f" testName="Register_with_null_data_throws_argumentnullexception" computerName="PIANO" startTime="2010-10-26T16:08:13.9783810-02:00" endTime="2010-10-26T16:08:13.9910755-02:00" testType="13cdc9d9-ddb5-4fa4-a97d-d965ccfc6d4b" testListId="8c84fa94-04c1-424b-9868-57a2d4851a1d" relativeResultsDirectory="185f2379-8969-4903-ba99-4f9950af2763">
      <Output>
        <ErrorInfo>
          <Message>Unit Test Adapter threw exception: 
Type is not resolved for member 'NHibernate.Cfg.HibernateConfigException,NHibernate, Version=3.0.0.2001, Culture=neutral, PublicKeyToken=aa95f207798dfdb4'..</Message>
        </ErrorInfo>
      </Output>
    </UnitTestResult>
    <UnitTestResult executionId="6a77cf2f-488e-49d1-876a-9ff88d6f19cd" testId="fff7fde5-aa39-2877-3bc5-50f06ba7731e" testName="Validate_existing_user_with_incorrect_password_returns_false" computerName="PIANO" startTime="2010-10-26T16:08:13.9959580-02:00" endTime="2010-10-26T16:08:14.0047465-02:00" testType="13cdc9d9-ddb5-4fa4-a97d-d965ccfc6d4b" testListId="8c84fa94-04c1-424b-9868-57a2d4851a1d" relativeResultsDirectory="6a77cf2f-488e-49d1-876a-9ff88d6f19cd">
      <Output>
        <ErrorInfo>
          <Message>Unit Test Adapter threw exception: 
Type is not resolved for member 'NHibernate.Cfg.HibernateConfigException,NHibernate, Version=3.0.0.2001, Culture=neutral, PublicKeyToken=aa95f207798dfdb4'..</Message>
        </ErrorInfo>
      </Output>
    </UnitTestResult>
  </Results>
</TestRun>